#
# There is insufficient memory for the Java Runtime Environment to continue.
# Native memory allocation (malloc) failed to allocate 1083856 bytes. Error detail: Chunk::new
# Possible reasons:
#   The system is out of physical RAM or swap space
#   This process is running with CompressedOops enabled, and the Java Heap may be blocking the growth of the native heap
# Possible solutions:
#   Reduce memory load on the system
#   Increase physical memory or swap space
#   Check if swap backing store is full
#   Decrease Java heap size (-Xmx/-Xms)
#   Decrease number of Java threads
#   Decrease Java thread stack sizes (-Xss)
#   Set larger code cache with -XX:ReservedCodeCacheSize=
#   JVM is running with Unscaled Compressed Oops mode in which the Java heap is
#     placed in the first 4GB address space. The Java Heap base address is the
#     maximum limit for the native heap growth. Please use -XX:HeapBaseMinAddress
#     to set the Java Heap base and to place the Java Heap above 4GB virtual address.
# This output file may be truncated or incomplete.
#
#  Out of Memory Error (arena.cpp:150), pid=17640, tid=12776
#
# JRE version: Java(TM) SE Runtime Environment (22.0.2+9) (build 22.0.2+9-70)
# Java VM: Java HotSpot(TM) 64-Bit Server VM (22.0.2+9-70, mixed mode, sharing, tiered, compressed oops, compressed class ptrs, g1 gc, windows-amd64)
# No core dump will be written. Minidumps are not enabled by default on client versions of Windows
#

---------------  S U M M A R Y ------------

Command Line: --add-opens=java.base/java.util=ALL-UNNAMED --add-opens=java.base/java.lang=ALL-UNNAMED --add-opens=java.base/java.lang.invoke=ALL-UNNAMED --add-opens=java.prefs/java.util.prefs=ALL-UNNAMED --add-exports=jdk.compiler/com.sun.tools.javac.api=ALL-UNNAMED --add-exports=jdk.compiler/com.sun.tools.javac.util=ALL-UNNAMED --add-opens=java.base/java.nio.charset=ALL-UNNAMED --add-opens=java.base/java.net=ALL-UNNAMED --add-opens=java.base/java.util.concurrent.atomic=ALL-UNNAMED -Xmx2G -Dfile.encoding=UTF-8 -Duser.country=UA -Duser.language=uk -Duser.variant -javaagent:C:\Users\User\.gradle\wrapper\dists\gradle-8.9-all\6m0mbzute7p0zdleavqlib88a\gradle-8.9\lib\agents\gradle-instrumentation-agent-8.9.jar org.gradle.launcher.daemon.bootstrap.GradleDaemon 8.9

Host: Intel(R) Core(TM) i7-6820HQ CPU @ 2.70GHz, 8 cores, 7G,  Windows 10 , 64 bit Build 19041 (10.0.19041.5915)
Time: Mon Oct  6 19:10:22 2025  Windows 10 , 64 bit Build 19041 (10.0.19041.5915) elapsed time: 17708.861086 seconds (0d 4h 55m 8s)

---------------  T H R E A D  ---------------

Current thread (0x0000026b7f7f0d70):  JavaThread "C2 CompilerThread0" daemon [_thread_in_native, id=12776, stack(0x000000fe4d100000,0x000000fe4d200000) (1024K)]


Current CompileTask:
C2:17708862 19413   !   4       org.gradle.api.internal.attributes.DefaultImmutableAttributesFactory::doConcatIsolatable (128 bytes)

Stack: [0x000000fe4d100000,0x000000fe4d200000]
Native frames: (J=compiled Java code, j=interpreted, Vv=VM code, C=native code)
V  [jvm.dll+0x6e26e9]  (no source info available)
V  [jvm.dll+0x875753]  (no source info available)
V  [jvm.dll+0x877b7e]  (no source info available)
V  [jvm.dll+0x878253]  (no source info available)
V  [jvm.dll+0x27fc86]  (no source info available)
V  [jvm.dll+0xc3d0f]  (no source info available)
V  [jvm.dll+0xc3f6b]  (no source info available)
V  [jvm.dll+0x2f3c7f]  (no source info available)
V  [jvm.dll+0x60c0fa]  (no source info available)
V  [jvm.dll+0x249915]  (no source info available)
V  [jvm.dll+0x246da6]  (no source info available)
V  [jvm.dll+0x1c4e80]  (no source info available)
V  [jvm.dll+0x2568f3]  (no source info available)
V  [jvm.dll+0x254baa]  (no source info available)
V  [jvm.dll+0x3f57a6]  (no source info available)
V  [jvm.dll+0x81dc0b]  (no source info available)
V  [jvm.dll+0x6e0d85]  (no source info available)
C  [ucrtbase.dll+0x21bb2]  (no source info available)
C  [KERNEL32.DLL+0x17374]  (no source info available)
C  [ntdll.dll+0x4cc91]  (no source info available)


---------------  P R O C E S S  ---------------

Threads class SMR info:
_java_thread_list=0x0000026b5a515c50, length=86, elements={
0x0000026b73f32d70, 0x0000026b7f7e57b0, 0x0000026b7f7ea4e0, 0x0000026b7f7ec0b0,
0x0000026b7f7ecb10, 0x0000026b7f7ed570, 0x0000026b7f7edfd0, 0x0000026b7f7f0d70,
0x0000026b7f7f1820, 0x0000026b561cce80, 0x0000026b56355fb0, 0x0000026b57d39690,
0x0000026b56db5ea0, 0x0000026b57c6d870, 0x0000026b57b6f3e0, 0x0000026b57b6fa70,
0x0000026b57b70100, 0x0000026b5aab5c30, 0x0000026b5aabb810, 0x0000026b5aab9740,
0x0000026b5aab7670, 0x0000026b5aabc530, 0x0000026b5aab55a0, 0x0000026b5a262480,
0x0000026b5a2610d0, 0x0000026b5a25f000, 0x0000026b5a25d5c0, 0x0000026b5a25f690,
0x0000026b5628a300, 0x0000026b59c57fc0, 0x0000026b5628f850, 0x0000026b5628a990,
0x0000026b5628fee0, 0x0000026b5628ca60, 0x0000026b5628b6b0, 0x0000026b5628f1c0,
0x0000026b56290c00, 0x0000026b5628d0f0, 0x0000026b5628e4a0, 0x0000026b5628d780,
0x0000026b56291290, 0x0000026b5628b020, 0x0000026b5a077120, 0x0000026b5a079880,
0x0000026b5a07cd00, 0x0000026b5a076a90, 0x0000026b5a07c670, 0x0000026b5a07b950,
0x0000026b5a079f10, 0x0000026b5a07d390, 0x0000026b5a07a5a0, 0x0000026b5a076400,
0x0000026b5a07bfe0, 0x0000026b5a077e40, 0x0000026b5a07ac30, 0x0000026b5a0777b0,
0x0000026b5a078b60, 0x0000026b5858c800, 0x0000026b58589a10, 0x0000026b58588660,
0x0000026b58585870, 0x0000026b5858b450, 0x0000026b58586c20, 0x0000026b585872b0,
0x0000026b58585f00, 0x0000026b5858adc0, 0x0000026b58586590, 0x0000026b58587940,
0x0000026b58587fd0, 0x0000026b58588cf0, 0x0000026b5858a0a0, 0x0000026b5858a730,
0x0000026b5b4a33f0, 0x0000026b5b4a4e30, 0x0000026b5b4a8940, 0x0000026b5b4a26d0,
0x0000026b5b4a7c20, 0x0000026b5b4a6f00, 0x0000026b5b4a7590, 0x0000026b5b4a3a80,
0x0000026b5b4a4110, 0x0000026b5b4a82b0, 0x0000026b5b4a54c0, 0x0000026b5b4a5b50,
0x0000026b5b4a19b0, 0x0000026b5b4a2040
}

Java Threads: ( => current thread )
  0x0000026b73f32d70 JavaThread "main"                              [_thread_blocked, id=6072, stack(0x000000fe4c300000,0x000000fe4c400000) (1024K)]
  0x0000026b7f7e57b0 JavaThread "Reference Handler"          daemon [_thread_blocked, id=15152, stack(0x000000fe4cb00000,0x000000fe4cc00000) (1024K)]
  0x0000026b7f7ea4e0 JavaThread "Finalizer"                  daemon [_thread_blocked, id=6540, stack(0x000000fe4cc00000,0x000000fe4cd00000) (1024K)]
  0x0000026b7f7ec0b0 JavaThread "Signal Dispatcher"          daemon [_thread_blocked, id=6380, stack(0x000000fe4cd00000,0x000000fe4ce00000) (1024K)]
  0x0000026b7f7ecb10 JavaThread "Attach Listener"            daemon [_thread_blocked, id=9228, stack(0x000000fe4ce00000,0x000000fe4cf00000) (1024K)]
  0x0000026b7f7ed570 JavaThread "Service Thread"             daemon [_thread_blocked, id=19008, stack(0x000000fe4cf00000,0x000000fe4d000000) (1024K)]
  0x0000026b7f7edfd0 JavaThread "Monitor Deflation Thread"   daemon [_thread_blocked, id=15948, stack(0x000000fe4d000000,0x000000fe4d100000) (1024K)]
=>0x0000026b7f7f0d70 JavaThread "C2 CompilerThread0"         daemon [_thread_in_native, id=12776, stack(0x000000fe4d100000,0x000000fe4d200000) (1024K)]
  0x0000026b7f7f1820 JavaThread "C1 CompilerThread0"         daemon [_thread_blocked, id=13840, stack(0x000000fe4d200000,0x000000fe4d300000) (1024K)]
  0x0000026b561cce80 JavaThread "Common-Cleaner"             daemon [_thread_blocked, id=18960, stack(0x000000fe4d300000,0x000000fe4d400000) (1024K)]
  0x0000026b56355fb0 JavaThread "Notification Thread"        daemon [_thread_blocked, id=7364, stack(0x000000fe4d400000,0x000000fe4d500000) (1024K)]
  0x0000026b57d39690 JavaThread "Daemon health stats"               [_thread_blocked, id=19268, stack(0x000000fe4d600000,0x000000fe4d700000) (1024K)]
  0x0000026b56db5ea0 JavaThread "Incoming local TCP Connector on port 55935"        [_thread_in_native, id=13732, stack(0x000000fe4db00000,0x000000fe4dc00000) (1024K)]
  0x0000026b57c6d870 JavaThread "Daemon periodic checks"            [_thread_blocked, id=12632, stack(0x000000fe4dc00000,0x000000fe4dd00000) (1024K)]
  0x0000026b57b6f3e0 JavaThread "Cache worker for journal cache (C:\Users\User\.gradle\caches\journal-1)"        [_thread_blocked, id=19856, stack(0x000000fe4d500000,0x000000fe4d600000) (1024K)]
  0x0000026b57b6fa70 JavaThread "File lock request listener"        [_thread_in_native, id=10452, stack(0x000000fe4e700000,0x000000fe4e800000) (1024K)]
  0x0000026b57b70100 JavaThread "Cache worker for file hash cache (C:\Users\User\.gradle\caches\8.9\fileHashes)"        [_thread_blocked, id=20812, stack(0x000000fe4e800000,0x000000fe4e900000) (1024K)]
  0x0000026b5aab5c30 JavaThread "Cache worker for file content cache (C:\Users\User\.gradle\caches\8.9\fileContent)"        [_thread_blocked, id=21136, stack(0x000000fe4ef00000,0x000000fe4f000000) (1024K)]
  0x0000026b5aabb810 JavaThread "File watcher server"        daemon [_thread_in_native, id=20300, stack(0x000000fe4f000000,0x000000fe4f100000) (1024K)]
  0x0000026b5aab9740 JavaThread "File watcher consumer"      daemon [_thread_blocked, id=18152, stack(0x000000fe4f100000,0x000000fe4f200000) (1024K)]
  0x0000026b5aab7670 JavaThread "jar transforms"                    [_thread_blocked, id=12416, stack(0x000000fe4f400000,0x000000fe4f500000) (1024K)]
  0x0000026b5aabc530 JavaThread "jar transforms Thread 2"           [_thread_blocked, id=9260, stack(0x000000fe4ea00000,0x000000fe4eb00000) (1024K)]
  0x0000026b5aab55a0 JavaThread "jar transforms Thread 3"           [_thread_blocked, id=1968, stack(0x000000fe4f600000,0x000000fe4f700000) (1024K)]
  0x0000026b5a262480 JavaThread "jar transforms Thread 4"           [_thread_blocked, id=19016, stack(0x000000fe50100000,0x000000fe50200000) (1024K)]
  0x0000026b5a2610d0 JavaThread "jar transforms Thread 5"           [_thread_blocked, id=3932, stack(0x000000fe50200000,0x000000fe50300000) (1024K)]
  0x0000026b5a25f000 JavaThread "jar transforms Thread 6"           [_thread_blocked, id=15104, stack(0x000000fe50800000,0x000000fe50900000) (1024K)]
  0x0000026b5a25d5c0 JavaThread "jar transforms Thread 7"           [_thread_blocked, id=10136, stack(0x000000fe50900000,0x000000fe50a00000) (1024K)]
  0x0000026b5a25f690 JavaThread "jar transforms Thread 8"           [_thread_blocked, id=16972, stack(0x000000fe50a00000,0x000000fe50b00000) (1024K)]
  0x0000026b5628a300 JavaThread "Memory manager"                    [_thread_blocked, id=15240, stack(0x000000fe52600000,0x000000fe52700000) (1024K)]
  0x0000026b59c57fc0 JavaThread "Cache worker for Java compile cache (C:\Users\User\.gradle\caches\8.9\javaCompile)"        [_thread_blocked, id=16832, stack(0x000000fe55a00000,0x000000fe55b00000) (1024K)]
  0x0000026b5628f850 JavaThread "Daemon Thread 7"                   [_thread_blocked, id=8636, stack(0x000000fe4c000000,0x000000fe4c100000) (1024K)]
  0x0000026b5628a990 JavaThread "Daemon Thread 8"                   [_thread_blocked, id=18404, stack(0x000000fe4c100000,0x000000fe4c200000) (1024K)]
  0x0000026b5628fee0 JavaThread "Handler for socket connection from /127.0.0.1:55935 to /127.0.0.1:60457"        [_thread_in_native, id=7572, stack(0x000000fe4c200000,0x000000fe4c300000) (1024K)]
  0x0000026b5628ca60 JavaThread "Cancel handler"                    [_thread_blocked, id=10128, stack(0x000000fe4de00000,0x000000fe4df00000) (1024K)]
  0x0000026b5628b6b0 JavaThread "Daemon worker Thread 5"            [_thread_in_vm, id=8976, stack(0x000000fe4df00000,0x000000fe4e000000) (1024K)]
  0x0000026b5628f1c0 JavaThread "Asynchronous log dispatcher for DefaultDaemonConnection: socket connection from /127.0.0.1:55935 to /127.0.0.1:60457"        [_thread_blocked, id=18548, stack(0x000000fe4e000000,0x000000fe4e100000) (1024K)]
  0x0000026b56290c00 JavaThread "Stdin handler"                     [_thread_blocked, id=5448, stack(0x000000fe4e100000,0x000000fe4e200000) (1024K)]
  0x0000026b5628d0f0 JavaThread "Daemon client event forwarder"        [_thread_blocked, id=16260, stack(0x000000fe4e200000,0x000000fe4e300000) (1024K)]
  0x0000026b5628e4a0 JavaThread "Cache worker for file hash cache (D:\AncientHorizons\.gradle\8.9\fileHashes)"        [_thread_blocked, id=3888, stack(0x000000fe4dd00000,0x000000fe4de00000) (1024K)]
  0x0000026b5628d780 JavaThread "Cache worker for checksums cache (D:\AncientHorizons\.gradle\8.9\checksums)"        [_thread_blocked, id=15312, stack(0x000000fe4e300000,0x000000fe4e400000) (1024K)]
  0x0000026b56291290 JavaThread "Cache worker for Build Output Cleanup Cache (D:\AncientHorizons\.gradle\buildOutputCleanup)"        [_thread_blocked, id=10620, stack(0x000000fe4e900000,0x000000fe4ea00000) (1024K)]
  0x0000026b5628b020 JavaThread "Cache worker for cache directory md-rule (C:\Users\User\.gradle\caches\8.9\md-rule)"        [_thread_blocked, id=10304, stack(0x000000fe4eb00000,0x000000fe4ec00000) (1024K)]
  0x0000026b5a077120 JavaThread "Cache worker for cache directory md-supplier (C:\Users\User\.gradle\caches\8.9\md-supplier)"        [_thread_blocked, id=2188, stack(0x000000fe4ec00000,0x000000fe4ed00000) (1024K)]
  0x0000026b5a079880 JavaThread "Unconstrained build operations"        [_thread_blocked, id=8092, stack(0x000000fe4f200000,0x000000fe4f300000) (1024K)]
  0x0000026b5a07cd00 JavaThread "Unconstrained build operations Thread 2"        [_thread_blocked, id=9708, stack(0x000000fe4f300000,0x000000fe4f400000) (1024K)]
  0x0000026b5a076a90 JavaThread "Unconstrained build operations Thread 3"        [_thread_blocked, id=2868, stack(0x000000fe4f500000,0x000000fe4f600000) (1024K)]
  0x0000026b5a07c670 JavaThread "Unconstrained build operations Thread 4"        [_thread_blocked, id=10940, stack(0x000000fe4f700000,0x000000fe4f800000) (1024K)]
  0x0000026b5a07b950 JavaThread "Unconstrained build operations Thread 5"        [_thread_blocked, id=16556, stack(0x000000fe4f800000,0x000000fe4f900000) (1024K)]
  0x0000026b5a079f10 JavaThread "Unconstrained build operations Thread 6"        [_thread_blocked, id=9356, stack(0x000000fe4f900000,0x000000fe4fa00000) (1024K)]
  0x0000026b5a07d390 JavaThread "Unconstrained build operations Thread 7"        [_thread_blocked, id=20996, stack(0x000000fe4fa00000,0x000000fe4fb00000) (1024K)]
  0x0000026b5a07a5a0 JavaThread "Unconstrained build operations Thread 8"        [_thread_blocked, id=20268, stack(0x000000fe4fb00000,0x000000fe4fc00000) (1024K)]
  0x0000026b5a076400 JavaThread "Unconstrained build operations Thread 9"        [_thread_blocked, id=15520, stack(0x000000fe4fc00000,0x000000fe4fd00000) (1024K)]
  0x0000026b5a07bfe0 JavaThread "Unconstrained build operations Thread 10"        [_thread_blocked, id=19864, stack(0x000000fe4fd00000,0x000000fe4fe00000) (1024K)]
  0x0000026b5a077e40 JavaThread "Unconstrained build operations Thread 11"        [_thread_blocked, id=1636, stack(0x000000fe4ee00000,0x000000fe4ef00000) (1024K)]
  0x0000026b5a07ac30 JavaThread "Unconstrained build operations Thread 12"        [_thread_blocked, id=18732, stack(0x000000fe4fe00000,0x000000fe4ff00000) (1024K)]
  0x0000026b5a0777b0 JavaThread "Unconstrained build operations Thread 13"        [_thread_blocked, id=14472, stack(0x000000fe4ff00000,0x000000fe50000000) (1024K)]
  0x0000026b5a078b60 JavaThread "Unconstrained build operations Thread 14"        [_thread_blocked, id=12340, stack(0x000000fe50000000,0x000000fe50100000) (1024K)]
  0x0000026b5858c800 JavaThread "Unconstrained build operations Thread 15"        [_thread_blocked, id=18704, stack(0x000000fe50300000,0x000000fe50400000) (1024K)]
  0x0000026b58589a10 JavaThread "Unconstrained build operations Thread 16"        [_thread_blocked, id=9544, stack(0x000000fe50500000,0x000000fe50600000) (1024K)]
  0x0000026b58588660 JavaThread "Unconstrained build operations Thread 17"        [_thread_blocked, id=13304, stack(0x000000fe50600000,0x000000fe50700000) (1024K)]
  0x0000026b58585870 JavaThread "Unconstrained build operations Thread 18"        [_thread_blocked, id=12428, stack(0x000000fe50700000,0x000000fe50800000) (1024K)]
  0x0000026b5858b450 JavaThread "Unconstrained build operations Thread 19"        [_thread_blocked, id=5348, stack(0x000000fe50b00000,0x000000fe50c00000) (1024K)]
  0x0000026b58586c20 JavaThread "Unconstrained build operations Thread 20"        [_thread_blocked, id=9016, stack(0x000000fe50400000,0x000000fe50500000) (1024K)]
  0x0000026b585872b0 JavaThread "Unconstrained build operations Thread 21"        [_thread_blocked, id=17352, stack(0x000000fe50c00000,0x000000fe50d00000) (1024K)]
  0x0000026b58585f00 JavaThread "Unconstrained build operations Thread 22"        [_thread_blocked, id=9464, stack(0x000000fe50e00000,0x000000fe50f00000) (1024K)]
  0x0000026b5858adc0 JavaThread "Unconstrained build operations Thread 23"        [_thread_blocked, id=19020, stack(0x000000fe50f00000,0x000000fe51000000) (1024K)]
  0x0000026b58586590 JavaThread "Unconstrained build operations Thread 24"        [_thread_blocked, id=12492, stack(0x000000fe51000000,0x000000fe51100000) (1024K)]
  0x0000026b58587940 JavaThread "Unconstrained build operations Thread 25"        [_thread_blocked, id=2248, stack(0x000000fe51100000,0x000000fe51200000) (1024K)]
  0x0000026b58587fd0 JavaThread "Unconstrained build operations Thread 26"        [_thread_blocked, id=18388, stack(0x000000fe51200000,0x000000fe51300000) (1024K)]
  0x0000026b58588cf0 JavaThread "Unconstrained build operations Thread 27"        [_thread_blocked, id=13944, stack(0x000000fe51300000,0x000000fe51400000) (1024K)]
  0x0000026b5858a0a0 JavaThread "Unconstrained build operations Thread 28"        [_thread_blocked, id=508, stack(0x000000fe51400000,0x000000fe51500000) (1024K)]
  0x0000026b5858a730 JavaThread "Unconstrained build operations Thread 29"        [_thread_blocked, id=13052, stack(0x000000fe51500000,0x000000fe51600000) (1024K)]
  0x0000026b5b4a33f0 JavaThread "Unconstrained build operations Thread 30"        [_thread_blocked, id=5356, stack(0x000000fe51600000,0x000000fe51700000) (1024K)]
  0x0000026b5b4a4e30 JavaThread "Unconstrained build operations Thread 31"        [_thread_blocked, id=13264, stack(0x000000fe51700000,0x000000fe51800000) (1024K)]
  0x0000026b5b4a8940 JavaThread "Unconstrained build operations Thread 32"        [_thread_blocked, id=8420, stack(0x000000fe51800000,0x000000fe51900000) (1024K)]
  0x0000026b5b4a26d0 JavaThread "Unconstrained build operations Thread 33"        [_thread_blocked, id=20548, stack(0x000000fe51900000,0x000000fe51a00000) (1024K)]
  0x0000026b5b4a7c20 JavaThread "Unconstrained build operations Thread 34"        [_thread_blocked, id=11272, stack(0x000000fe51a00000,0x000000fe51b00000) (1024K)]
  0x0000026b5b4a6f00 JavaThread "Unconstrained build operations Thread 35"        [_thread_blocked, id=17128, stack(0x000000fe51b00000,0x000000fe51c00000) (1024K)]
  0x0000026b5b4a7590 JavaThread "Unconstrained build operations Thread 36"        [_thread_blocked, id=17188, stack(0x000000fe51c00000,0x000000fe51d00000) (1024K)]
  0x0000026b5b4a3a80 JavaThread "Unconstrained build operations Thread 37"        [_thread_blocked, id=17292, stack(0x000000fe51d00000,0x000000fe51e00000) (1024K)]
  0x0000026b5b4a4110 JavaThread "Unconstrained build operations Thread 38"        [_thread_blocked, id=16076, stack(0x000000fe51e00000,0x000000fe51f00000) (1024K)]
  0x0000026b5b4a82b0 JavaThread "Unconstrained build operations Thread 39"        [_thread_blocked, id=14588, stack(0x000000fe51f00000,0x000000fe52000000) (1024K)]
  0x0000026b5b4a54c0 JavaThread "Unconstrained build operations Thread 40"        [_thread_blocked, id=3808, stack(0x000000fe52000000,0x000000fe52100000) (1024K)]
  0x0000026b5b4a5b50 JavaThread "Unconstrained build operations Thread 41"        [_thread_blocked, id=11660, stack(0x000000fe52100000,0x000000fe52200000) (1024K)]
  0x0000026b5b4a19b0 JavaThread "Unconstrained build operations Thread 42"        [_thread_blocked, id=15744, stack(0x000000fe52200000,0x000000fe52300000) (1024K)]
  0x0000026b5b4a2040 JavaThread "Configuration cache report writer"        [_thread_blocked, id=17632, stack(0x000000fe50d00000,0x000000fe50e00000) (1024K)]
Total: 86

Other Threads:
  0x0000026b7f7c82d0 VMThread "VM Thread"                           [id=17016, stack(0x000000fe4ca00000,0x000000fe4cb00000) (1024K)]
  0x0000026b7f7b3fa0 WatcherThread "VM Periodic Task Thread"        [id=20976, stack(0x000000fe4c900000,0x000000fe4ca00000) (1024K)]
  0x0000026b73f941b0 WorkerThread "GC Thread#0"                     [id=9444, stack(0x000000fe4c400000,0x000000fe4c500000) (1024K)]
  0x0000026b569cb480 WorkerThread "GC Thread#1"                     [id=13044, stack(0x000000fe4d700000,0x000000fe4d800000) (1024K)]
  0x0000026b564a12e0 WorkerThread "GC Thread#2"                     [id=12624, stack(0x000000fe4d800000,0x000000fe4d900000) (1024K)]
  0x0000026b56bfa430 WorkerThread "GC Thread#3"                     [id=1704, stack(0x000000fe4d900000,0x000000fe4da00000) (1024K)]
  0x0000026b570459d0 WorkerThread "GC Thread#4"                     [id=3896, stack(0x000000fe4da00000,0x000000fe4db00000) (1024K)]
  0x0000026b5800b230 WorkerThread "GC Thread#5"                     [id=12160, stack(0x000000fe4e400000,0x000000fe4e500000) (1024K)]
  0x0000026b5800a270 WorkerThread "GC Thread#6"                     [id=14184, stack(0x000000fe4e500000,0x000000fe4e600000) (1024K)]
  0x0000026b5800aa30 WorkerThread "GC Thread#7"                     [id=19872, stack(0x000000fe4e600000,0x000000fe4e700000) (1024K)]
  0x0000026b73fa5260 ConcurrentGCThread "G1 Main Marker"            [id=20152, stack(0x000000fe4c500000,0x000000fe4c600000) (1024K)]
  0x0000026b73fa6420 WorkerThread "G1 Conc#0"                       [id=19952, stack(0x000000fe4c600000,0x000000fe4c700000) (1024K)]
  0x0000026b582daf50 WorkerThread "G1 Conc#1"                       [id=11836, stack(0x000000fe4ed00000,0x000000fe4ee00000) (1024K)]
  0x0000026b7f683580 ConcurrentGCThread "G1 Refine#0"               [id=19604, stack(0x000000fe4c700000,0x000000fe4c800000) (1024K)]
  0x0000026b7f683db0 ConcurrentGCThread "G1 Service"                [id=9948, stack(0x000000fe4c800000,0x000000fe4c900000) (1024K)]
Total: 15

Threads with active compile tasks:
C2 CompilerThread0  17709143 19413   !   4       org.gradle.api.internal.attributes.DefaultImmutableAttributesFactory::doConcatIsolatable (128 bytes)
Total: 1

VM state: not at safepoint (normal execution)

VM Mutex/Monitor currently owned by a thread: None

Heap address: 0x0000000080000000, size: 2048 MB, Compressed Oops mode: 32-bit

CDS archive(s) mapped at: [0x0000026b11000000-0x0000026b11c60000-0x0000026b11c60000), size 12976128, SharedBaseAddress: 0x0000026b11000000, ArchiveRelocationMode: 1.
Compressed class space mapped at: 0x0000026b12000000-0x0000026b52000000, reserved size: 1073741824
Narrow klass base: 0x0000026b11000000, Narrow klass shift: 0, Narrow klass range: 0x41000000

GC Precious Log:
 CardTable entry size: 512
 Card Set container configuration: InlinePtr #cards 5 size 8 Array Of Cards #cards 12 size 40 Howl #buckets 4 coarsen threshold 1843 Howl Bitmap #cards 512 size 80 coarsen threshold 460 Card regions per heap region 1 cards per card region 2048
 CPUs: 8 total, 8 available
 Memory: 7860M
 Large Page Support: Disabled
 NUMA Support: Disabled
 Compressed Oops: Enabled (32-bit)
 Heap Region Size: 1M
 Heap Min Capacity: 8M
 Heap Initial Capacity: 124M
 Heap Max Capacity: 2G
 Pre-touch: Disabled
 Parallel Workers: 8
 Concurrent Workers: 2
 Concurrent Refinement Workers: 8
 Periodic GC: Disabled

Heap:
 garbage-first heap   total reserved 2097152K, committed 209920K, used 170578K [0x0000000080000000, 0x0000000100000000)
  region size 1024K, 72 young (73728K), 2 survivors (2048K)
 Metaspace       used 84830K, committed 88512K, reserved 1179648K
  class space    used 11897K, committed 13504K, reserved 1048576K

Heap Regions: E=young(eden), S=young(survivor), O=old, HS=humongous(starts), HC=humongous(continues), CS=collection set, F=free, TAMS=top-at-mark-start, PB=parsable bottom
|   0|0x0000000080000000, 0x0000000080100000, 0x0000000080100000|100%|HS|  |TAMS 0x0000000080000000| PB 0x0000000080000000| Complete |  0
|   1|0x0000000080100000, 0x0000000080200000, 0x0000000080200000|100%|HC|  |TAMS 0x0000000080100000| PB 0x0000000080100000| Complete |  0
|   2|0x0000000080200000, 0x0000000080300000, 0x0000000080300000|100%|HC|  |TAMS 0x0000000080200000| PB 0x0000000080200000| Complete |  0
|   3|0x0000000080300000, 0x0000000080400000, 0x0000000080400000|100%|HC|  |TAMS 0x0000000080300000| PB 0x0000000080300000| Complete |  0
|   4|0x0000000080400000, 0x0000000080500000, 0x0000000080500000|100%| O|  |TAMS 0x0000000080400000| PB 0x0000000080400000| Untracked |  0
|   5|0x0000000080500000, 0x0000000080600000, 0x0000000080600000|100%| O|  |TAMS 0x0000000080500000| PB 0x0000000080500000| Untracked |  0
|   6|0x0000000080600000, 0x0000000080700000, 0x0000000080700000|100%| O|  |TAMS 0x0000000080600000| PB 0x0000000080600000| Untracked |  0
|   7|0x0000000080700000, 0x0000000080800000, 0x0000000080800000|100%| O|  |TAMS 0x0000000080700000| PB 0x0000000080700000| Untracked |  0
|   8|0x0000000080800000, 0x0000000080900000, 0x0000000080900000|100%| O|  |TAMS 0x0000000080800000| PB 0x0000000080800000| Untracked |  0
|   9|0x0000000080900000, 0x0000000080a00000, 0x0000000080a00000|100%| O|  |TAMS 0x0000000080900000| PB 0x0000000080900000| Untracked |  0
|  10|0x0000000080a00000, 0x0000000080b00000, 0x0000000080b00000|100%| O|  |TAMS 0x0000000080a00000| PB 0x0000000080a00000| Untracked |  0
|  11|0x0000000080b00000, 0x0000000080c00000, 0x0000000080c00000|100%|HS|  |TAMS 0x0000000080b00000| PB 0x0000000080b00000| Complete |  0
|  12|0x0000000080c00000, 0x0000000080d00000, 0x0000000080d00000|100%| O|  |TAMS 0x0000000080c00000| PB 0x0000000080c00000| Untracked |  0
|  13|0x0000000080d00000, 0x0000000080e00000, 0x0000000080e00000|100%| O|  |TAMS 0x0000000080d00000| PB 0x0000000080d00000| Untracked |  0
|  14|0x0000000080e00000, 0x0000000080f00000, 0x0000000080f00000|100%| O|  |TAMS 0x0000000080e00000| PB 0x0000000080e00000| Untracked |  0
|  15|0x0000000080f00000, 0x0000000081000000, 0x0000000081000000|100%| O|  |TAMS 0x0000000080f00000| PB 0x0000000080f00000| Untracked |  0
|  16|0x0000000081000000, 0x0000000081100000, 0x0000000081100000|100%| O|  |TAMS 0x0000000081000000| PB 0x0000000081000000| Untracked |  0
|  17|0x0000000081100000, 0x0000000081200000, 0x0000000081200000|100%| O|  |TAMS 0x0000000081100000| PB 0x0000000081100000| Untracked |  0
|  18|0x0000000081200000, 0x0000000081300000, 0x0000000081300000|100%| O|  |TAMS 0x0000000081200000| PB 0x0000000081200000| Untracked |  0
|  19|0x0000000081300000, 0x0000000081400000, 0x0000000081400000|100%| O|  |TAMS 0x0000000081300000| PB 0x0000000081300000| Untracked |  0
|  20|0x0000000081400000, 0x0000000081500000, 0x0000000081500000|100%| O|  |TAMS 0x0000000081400000| PB 0x0000000081400000| Untracked |  0
|  21|0x0000000081500000, 0x0000000081600000, 0x0000000081600000|100%| O|  |TAMS 0x0000000081500000| PB 0x0000000081500000| Untracked |  0
|  22|0x0000000081600000, 0x0000000081700000, 0x0000000081700000|100%| O|  |TAMS 0x0000000081600000| PB 0x0000000081600000| Untracked |  0
|  23|0x0000000081700000, 0x0000000081800000, 0x0000000081800000|100%| O|  |TAMS 0x0000000081700000| PB 0x0000000081700000| Untracked |  0
|  24|0x0000000081800000, 0x0000000081867280, 0x0000000081900000| 40%| O|  |TAMS 0x0000000081800000| PB 0x0000000081800000| Untracked |  0
|  25|0x0000000081900000, 0x0000000081a00000, 0x0000000081a00000|100%| O|  |TAMS 0x0000000081900000| PB 0x0000000081900000| Untracked |  0
|  26|0x0000000081a00000, 0x0000000081a00000, 0x0000000081b00000|  0%| F|  |TAMS 0x0000000081a00000| PB 0x0000000081a00000| Untracked |  0
|  27|0x0000000081b00000, 0x0000000081b00000, 0x0000000081c00000|  0%| F|  |TAMS 0x0000000081b00000| PB 0x0000000081b00000| Untracked |  0
|  28|0x0000000081c00000, 0x0000000081c00000, 0x0000000081d00000|  0%| F|  |TAMS 0x0000000081c00000| PB 0x0000000081c00000| Untracked |  0
|  29|0x0000000081d00000, 0x0000000081e00000, 0x0000000081e00000|100%|HS|  |TAMS 0x0000000081d00000| PB 0x0000000081d00000| Complete |  0
|  30|0x0000000081e00000, 0x0000000081f00000, 0x0000000081f00000|100%|HC|  |TAMS 0x0000000081e00000| PB 0x0000000081e00000| Complete |  0
|  31|0x0000000081f00000, 0x0000000081f00000, 0x0000000082000000|  0%| F|  |TAMS 0x0000000081f00000| PB 0x0000000081f00000| Untracked |  0
|  32|0x0000000082000000, 0x0000000082000000, 0x0000000082100000|  0%| F|  |TAMS 0x0000000082000000| PB 0x0000000082000000| Untracked |  0
|  33|0x0000000082100000, 0x0000000082100000, 0x0000000082200000|  0%| F|  |TAMS 0x0000000082100000| PB 0x0000000082100000| Untracked |  0
|  34|0x0000000082200000, 0x0000000082300000, 0x0000000082300000|100%| O|Cm|TAMS 0x0000000082200000| PB 0x0000000082200000| Complete |  0
|  35|0x0000000082300000, 0x0000000082400000, 0x0000000082400000|100%| O|  |TAMS 0x0000000082300000| PB 0x0000000082300000| Untracked |  0
|  36|0x0000000082400000, 0x0000000082400000, 0x0000000082500000|  0%| F|  |TAMS 0x0000000082400000| PB 0x0000000082400000| Untracked |  0
|  37|0x0000000082500000, 0x0000000082600000, 0x0000000082600000|100%| O|  |TAMS 0x0000000082500000| PB 0x0000000082500000| Untracked |  0
|  38|0x0000000082600000, 0x0000000082700000, 0x0000000082700000|100%| O|  |TAMS 0x0000000082600000| PB 0x0000000082600000| Untracked |  0
|  39|0x0000000082700000, 0x0000000082800000, 0x0000000082800000|100%| O|  |TAMS 0x0000000082700000| PB 0x0000000082700000| Untracked |  0
|  40|0x0000000082800000, 0x0000000082900000, 0x0000000082900000|100%| O|  |TAMS 0x0000000082800000| PB 0x0000000082800000| Untracked |  0
|  41|0x0000000082900000, 0x0000000082a00000, 0x0000000082a00000|100%| O|  |TAMS 0x0000000082900000| PB 0x0000000082900000| Untracked |  0
|  42|0x0000000082a00000, 0x0000000082b00000, 0x0000000082b00000|100%| O|  |TAMS 0x0000000082a00000| PB 0x0000000082a00000| Untracked |  0
|  43|0x0000000082b00000, 0x0000000082c00000, 0x0000000082c00000|100%| O|  |TAMS 0x0000000082b00000| PB 0x0000000082b00000| Untracked |  0
|  44|0x0000000082c00000, 0x0000000082d00000, 0x0000000082d00000|100%| O|Cm|TAMS 0x0000000082c00000| PB 0x0000000082c00000| Complete |  0
|  45|0x0000000082d00000, 0x0000000082e00000, 0x0000000082e00000|100%| O|  |TAMS 0x0000000082d00000| PB 0x0000000082d00000| Untracked |  0
|  46|0x0000000082e00000, 0x0000000082f00000, 0x0000000082f00000|100%| O|  |TAMS 0x0000000082e00000| PB 0x0000000082e00000| Untracked |  0
|  47|0x0000000082f00000, 0x0000000083000000, 0x0000000083000000|100%| O|  |TAMS 0x0000000082f00000| PB 0x0000000082f00000| Untracked |  0
|  48|0x0000000083000000, 0x0000000083100000, 0x0000000083100000|100%| O|  |TAMS 0x0000000083000000| PB 0x0000000083000000| Untracked |  0
|  49|0x0000000083100000, 0x0000000083200000, 0x0000000083200000|100%| O|  |TAMS 0x0000000083100000| PB 0x0000000083100000| Untracked |  0
|  50|0x0000000083200000, 0x0000000083300000, 0x0000000083300000|100%| O|  |TAMS 0x0000000083200000| PB 0x0000000083200000| Untracked |  0
|  51|0x0000000083300000, 0x0000000083300000, 0x0000000083400000|  0%| F|  |TAMS 0x0000000083300000| PB 0x0000000083300000| Untracked |  0
|  52|0x0000000083400000, 0x0000000083400000, 0x0000000083500000|  0%| F|  |TAMS 0x0000000083400000| PB 0x0000000083400000| Untracked |  0
|  53|0x0000000083500000, 0x0000000083600000, 0x0000000083600000|100%| O|  |TAMS 0x0000000083500000| PB 0x0000000083500000| Untracked |  0
|  54|0x0000000083600000, 0x0000000083700000, 0x0000000083700000|100%| O|  |TAMS 0x0000000083600000| PB 0x0000000083600000| Untracked |  0
|  55|0x0000000083700000, 0x0000000083800000, 0x0000000083800000|100%| O|  |TAMS 0x0000000083700000| PB 0x0000000083700000| Untracked |  0
|  56|0x0000000083800000, 0x0000000083900000, 0x0000000083900000|100%| O|  |TAMS 0x0000000083800000| PB 0x0000000083800000| Untracked |  0
|  57|0x0000000083900000, 0x0000000083a00000, 0x0000000083a00000|100%| O|  |TAMS 0x0000000083900000| PB 0x0000000083900000| Untracked |  0
|  58|0x0000000083a00000, 0x0000000083a00000, 0x0000000083b00000|  0%| F|  |TAMS 0x0000000083a00000| PB 0x0000000083a00000| Untracked |  0
|  59|0x0000000083b00000, 0x0000000083b00000, 0x0000000083c00000|  0%| F|  |TAMS 0x0000000083b00000| PB 0x0000000083b00000| Untracked |  0
|  60|0x0000000083c00000, 0x0000000083d00000, 0x0000000083d00000|100%| O|  |TAMS 0x0000000083c00000| PB 0x0000000083c00000| Untracked |  0
|  61|0x0000000083d00000, 0x0000000083e00000, 0x0000000083e00000|100%| O|  |TAMS 0x0000000083d00000| PB 0x0000000083d00000| Untracked |  0
|  62|0x0000000083e00000, 0x0000000083f00000, 0x0000000083f00000|100%| O|  |TAMS 0x0000000083e00000| PB 0x0000000083e00000| Untracked |  0
|  63|0x0000000083f00000, 0x0000000083f00000, 0x0000000084000000|  0%| F|  |TAMS 0x0000000083f00000| PB 0x0000000083f00000| Untracked |  0
|  64|0x0000000084000000, 0x0000000084100000, 0x0000000084100000|100%| O|  |TAMS 0x0000000084000000| PB 0x0000000084000000| Untracked |  0
|  65|0x0000000084100000, 0x0000000084200000, 0x0000000084200000|100%| O|  |TAMS 0x0000000084100000| PB 0x0000000084100000| Untracked |  0
|  66|0x0000000084200000, 0x0000000084200000, 0x0000000084300000|  0%| F|  |TAMS 0x0000000084200000| PB 0x0000000084200000| Untracked |  0
|  67|0x0000000084300000, 0x0000000084300000, 0x0000000084400000|  0%| F|  |TAMS 0x0000000084300000| PB 0x0000000084300000| Untracked |  0
|  68|0x0000000084400000, 0x000000008442d6e0, 0x0000000084500000| 17%| S|CS|TAMS 0x0000000084400000| PB 0x0000000084400000| Complete |  0
|  69|0x0000000084500000, 0x0000000084500000, 0x0000000084600000|  0%| F|  |TAMS 0x0000000084500000| PB 0x0000000084500000| Untracked |  0
|  70|0x0000000084600000, 0x0000000084700000, 0x0000000084700000|100%| S|CS|TAMS 0x0000000084600000| PB 0x0000000084600000| Complete |  0
|  71|0x0000000084700000, 0x0000000084800000, 0x0000000084800000|100%| O|  |TAMS 0x0000000084700000| PB 0x0000000084700000| Untracked |  0
|  72|0x0000000084800000, 0x0000000084900000, 0x0000000084900000|100%| O|  |TAMS 0x0000000084800000| PB 0x0000000084800000| Untracked |  0
|  73|0x0000000084900000, 0x0000000084900000, 0x0000000084a00000|  0%| F|  |TAMS 0x0000000084900000| PB 0x0000000084900000| Untracked |  0
|  74|0x0000000084a00000, 0x0000000084b00000, 0x0000000084b00000|100%| O|  |TAMS 0x0000000084a00000| PB 0x0000000084a00000| Untracked |  0
|  75|0x0000000084b00000, 0x0000000084c00000, 0x0000000084c00000|100%| O|  |TAMS 0x0000000084b00000| PB 0x0000000084b00000| Untracked |  0
|  76|0x0000000084c00000, 0x0000000084d00000, 0x0000000084d00000|100%| O|  |TAMS 0x0000000084c00000| PB 0x0000000084c00000| Untracked |  0
|  77|0x0000000084d00000, 0x0000000084e00000, 0x0000000084e00000|100%| O|Cm|TAMS 0x0000000084d00000| PB 0x0000000084d00000| Complete |  0
|  78|0x0000000084e00000, 0x0000000084f00000, 0x0000000084f00000|100%| O|  |TAMS 0x0000000084e00000| PB 0x0000000084e00000| Untracked |  0
|  79|0x0000000084f00000, 0x0000000085000000, 0x0000000085000000|100%| O|  |TAMS 0x0000000084f00000| PB 0x0000000084f00000| Untracked |  0
|  80|0x0000000085000000, 0x0000000085100000, 0x0000000085100000|100%| O|Cm|TAMS 0x0000000085000000| PB 0x0000000085000000| Complete |  0
|  81|0x0000000085100000, 0x0000000085200000, 0x0000000085200000|100%| O|Cm|TAMS 0x0000000085100000| PB 0x0000000085100000| Complete |  0
|  82|0x0000000085200000, 0x0000000085300000, 0x0000000085300000|100%| O|Cm|TAMS 0x0000000085200000| PB 0x0000000085200000| Complete |  0
|  83|0x0000000085300000, 0x0000000085400000, 0x0000000085400000|100%| O|Cm|TAMS 0x0000000085300000| PB 0x0000000085300000| Complete |  0
|  84|0x0000000085400000, 0x0000000085500000, 0x0000000085500000|100%| O|  |TAMS 0x0000000085400000| PB 0x0000000085400000| Untracked |  0
|  85|0x0000000085500000, 0x0000000085600000, 0x0000000085600000|100%| O|Cm|TAMS 0x0000000085500000| PB 0x0000000085500000| Complete |  0
|  86|0x0000000085600000, 0x0000000085700000, 0x0000000085700000|100%| O|  |TAMS 0x0000000085600000| PB 0x0000000085600000| Untracked |  0
|  87|0x0000000085700000, 0x0000000085800000, 0x0000000085800000|100%| O|Cm|TAMS 0x0000000085700000| PB 0x0000000085700000| Complete |  0
|  88|0x0000000085800000, 0x0000000085900000, 0x0000000085900000|100%| O|  |TAMS 0x0000000085800000| PB 0x0000000085800000| Untracked |  0
|  89|0x0000000085900000, 0x0000000085a00000, 0x0000000085a00000|100%| O|  |TAMS 0x0000000085900000| PB 0x0000000085900000| Untracked |  0
|  90|0x0000000085a00000, 0x0000000085a00000, 0x0000000085b00000|  0%| F|  |TAMS 0x0000000085a00000| PB 0x0000000085a00000| Untracked |  0
|  91|0x0000000085b00000, 0x0000000085c00000, 0x0000000085c00000|100%| O|Cm|TAMS 0x0000000085b00000| PB 0x0000000085b00000| Complete |  0
|  92|0x0000000085c00000, 0x0000000085c00000, 0x0000000085d00000|  0%| F|  |TAMS 0x0000000085c00000| PB 0x0000000085c00000| Untracked |  0
|  93|0x0000000085d00000, 0x0000000085d00000, 0x0000000085e00000|  0%| F|  |TAMS 0x0000000085d00000| PB 0x0000000085d00000| Untracked |  0
|  94|0x0000000085e00000, 0x0000000085f00000, 0x0000000085f00000|100%| O|  |TAMS 0x0000000085e00000| PB 0x0000000085e00000| Untracked |  0
|  95|0x0000000085f00000, 0x0000000085f00000, 0x0000000086000000|  0%| F|  |TAMS 0x0000000085f00000| PB 0x0000000085f00000| Untracked |  0
|  96|0x0000000086000000, 0x0000000086100000, 0x0000000086100000|100%| O|  |TAMS 0x0000000086000000| PB 0x0000000086000000| Untracked |  0
|  97|0x0000000086100000, 0x0000000086100000, 0x0000000086200000|  0%| F|  |TAMS 0x0000000086100000| PB 0x0000000086100000| Untracked |  0
|  98|0x0000000086200000, 0x0000000086300000, 0x0000000086300000|100%| O|Cm|TAMS 0x0000000086200000| PB 0x0000000086200000| Complete |  0
|  99|0x0000000086300000, 0x0000000086400000, 0x0000000086400000|100%| O|  |TAMS 0x0000000086300000| PB 0x0000000086300000| Untracked |  0
| 100|0x0000000086400000, 0x0000000086500000, 0x0000000086500000|100%| O|  |TAMS 0x0000000086400000| PB 0x0000000086400000| Untracked |  0
| 101|0x0000000086500000, 0x0000000086600000, 0x0000000086600000|100%| O|Cm|TAMS 0x0000000086500000| PB 0x0000000086500000| Complete |  0
| 102|0x0000000086600000, 0x0000000086700000, 0x0000000086700000|100%| O|Cm|TAMS 0x0000000086600000| PB 0x0000000086600000| Complete |  0
| 103|0x0000000086700000, 0x0000000086800000, 0x0000000086800000|100%| O|Cm|TAMS 0x0000000086700000| PB 0x0000000086700000| Complete |  0
| 104|0x0000000086800000, 0x0000000086900000, 0x0000000086900000|100%| O|Cm|TAMS 0x0000000086800000| PB 0x0000000086800000| Complete |  0
| 105|0x0000000086900000, 0x0000000086900000, 0x0000000086a00000|  0%| F|  |TAMS 0x0000000086900000| PB 0x0000000086900000| Untracked |  0
| 106|0x0000000086a00000, 0x0000000086a00000, 0x0000000086b00000|  0%| F|  |TAMS 0x0000000086a00000| PB 0x0000000086a00000| Untracked |  0
| 107|0x0000000086b00000, 0x0000000086b00000, 0x0000000086c00000|  0%| F|  |TAMS 0x0000000086b00000| PB 0x0000000086b00000| Untracked |  0
| 108|0x0000000086c00000, 0x0000000086c00000, 0x0000000086d00000|  0%| F|  |TAMS 0x0000000086c00000| PB 0x0000000086c00000| Untracked |  0
| 109|0x0000000086d00000, 0x0000000086e00000, 0x0000000086e00000|100%| O|  |TAMS 0x0000000086d00000| PB 0x0000000086d00000| Untracked |  0
| 110|0x0000000086e00000, 0x0000000086f00000, 0x0000000086f00000|100%| O|  |TAMS 0x0000000086e00000| PB 0x0000000086e00000| Untracked |  0
| 111|0x0000000086f00000, 0x0000000087000000, 0x0000000087000000|100%| O|Cm|TAMS 0x0000000086f00000| PB 0x0000000086f00000| Complete |  0
| 112|0x0000000087000000, 0x0000000087000000, 0x0000000087100000|  0%| F|  |TAMS 0x0000000087000000| PB 0x0000000087000000| Untracked |  0
| 113|0x0000000087100000, 0x0000000087100000, 0x0000000087200000|  0%| F|  |TAMS 0x0000000087100000| PB 0x0000000087100000| Untracked |  0
| 114|0x0000000087200000, 0x0000000087200000, 0x0000000087300000|  0%| F|  |TAMS 0x0000000087200000| PB 0x0000000087200000| Untracked |  0
| 115|0x0000000087300000, 0x0000000087300000, 0x0000000087400000|  0%| F|  |TAMS 0x0000000087300000| PB 0x0000000087300000| Untracked |  0
| 116|0x0000000087400000, 0x0000000087400000, 0x0000000087500000|  0%| F|  |TAMS 0x0000000087400000| PB 0x0000000087400000| Untracked |  0
| 117|0x0000000087500000, 0x0000000087500000, 0x0000000087600000|  0%| F|  |TAMS 0x0000000087500000| PB 0x0000000087500000| Untracked |  0
| 118|0x0000000087600000, 0x0000000087600000, 0x0000000087700000|  0%| F|  |TAMS 0x0000000087600000| PB 0x0000000087600000| Untracked |  0
| 119|0x0000000087700000, 0x0000000087800000, 0x0000000087800000|100%| O|  |TAMS 0x0000000087700000| PB 0x0000000087700000| Untracked |  0
| 120|0x0000000087800000, 0x0000000087900000, 0x0000000087900000|100%| O|  |TAMS 0x0000000087800000| PB 0x0000000087800000| Untracked |  0
| 121|0x0000000087900000, 0x0000000087a00000, 0x0000000087a00000|100%| O|  |TAMS 0x0000000087900000| PB 0x0000000087900000| Untracked |  0
| 122|0x0000000087a00000, 0x0000000087b00000, 0x0000000087b00000|100%| O|  |TAMS 0x0000000087a00000| PB 0x0000000087a00000| Untracked |  0
| 123|0x0000000087b00000, 0x0000000087c00000, 0x0000000087c00000|100%| O|  |TAMS 0x0000000087b00000| PB 0x0000000087b00000| Untracked |  0
| 124|0x0000000087c00000, 0x0000000087d00000, 0x0000000087d00000|100%| O|  |TAMS 0x0000000087c00000| PB 0x0000000087c00000| Untracked |  0
| 125|0x0000000087d00000, 0x0000000087e00000, 0x0000000087e00000|100%| O|  |TAMS 0x0000000087d00000| PB 0x0000000087d00000| Untracked |  0
| 126|0x0000000087e00000, 0x0000000087f00000, 0x0000000087f00000|100%| O|  |TAMS 0x0000000087e00000| PB 0x0000000087e00000| Untracked |  0
| 127|0x0000000087f00000, 0x0000000088000000, 0x0000000088000000|100%| O|Cm|TAMS 0x0000000087f00000| PB 0x0000000087f00000| Complete |  0
| 128|0x0000000088000000, 0x0000000088000000, 0x0000000088100000|  0%| F|  |TAMS 0x0000000088000000| PB 0x0000000088000000| Untracked |  0
| 129|0x0000000088100000, 0x0000000088200000, 0x0000000088200000|100%| O|  |TAMS 0x0000000088100000| PB 0x0000000088100000| Untracked |  0
| 130|0x0000000088200000, 0x0000000088200000, 0x0000000088300000|  0%| F|  |TAMS 0x0000000088200000| PB 0x0000000088200000| Untracked |  0
| 131|0x0000000088300000, 0x0000000088321a68, 0x0000000088400000| 13%| E|  |TAMS 0x0000000088300000| PB 0x0000000088300000| Complete |  0
| 132|0x0000000088400000, 0x0000000088500000, 0x0000000088500000|100%| E|CS|TAMS 0x0000000088400000| PB 0x0000000088400000| Complete |  0
| 133|0x0000000088500000, 0x0000000088600000, 0x0000000088600000|100%| E|CS|TAMS 0x0000000088500000| PB 0x0000000088500000| Complete |  0
| 134|0x0000000088600000, 0x0000000088700000, 0x0000000088700000|100%| E|CS|TAMS 0x0000000088600000| PB 0x0000000088600000| Complete |  0
| 135|0x0000000088700000, 0x0000000088800000, 0x0000000088800000|100%| E|CS|TAMS 0x0000000088700000| PB 0x0000000088700000| Complete |  0
| 136|0x0000000088800000, 0x0000000088900000, 0x0000000088900000|100%| E|CS|TAMS 0x0000000088800000| PB 0x0000000088800000| Complete |  0
| 137|0x0000000088900000, 0x0000000088a00000, 0x0000000088a00000|100%| E|CS|TAMS 0x0000000088900000| PB 0x0000000088900000| Complete |  0
| 138|0x0000000088a00000, 0x0000000088b00000, 0x0000000088b00000|100%| E|  |TAMS 0x0000000088a00000| PB 0x0000000088a00000| Complete |  0
| 139|0x0000000088b00000, 0x0000000088c00000, 0x0000000088c00000|100%| E|CS|TAMS 0x0000000088b00000| PB 0x0000000088b00000| Complete |  0
| 140|0x0000000088c00000, 0x0000000088d00000, 0x0000000088d00000|100%| E|CS|TAMS 0x0000000088c00000| PB 0x0000000088c00000| Complete |  0
| 141|0x0000000088d00000, 0x0000000088e00000, 0x0000000088e00000|100%| E|CS|TAMS 0x0000000088d00000| PB 0x0000000088d00000| Complete |  0
| 142|0x0000000088e00000, 0x0000000088f00000, 0x0000000088f00000|100%| E|CS|TAMS 0x0000000088e00000| PB 0x0000000088e00000| Complete |  0
| 143|0x0000000088f00000, 0x0000000089000000, 0x0000000089000000|100%| E|CS|TAMS 0x0000000088f00000| PB 0x0000000088f00000| Complete |  0
| 144|0x0000000089000000, 0x0000000089100000, 0x0000000089100000|100%| E|CS|TAMS 0x0000000089000000| PB 0x0000000089000000| Complete |  0
| 145|0x0000000089100000, 0x0000000089200000, 0x0000000089200000|100%| E|CS|TAMS 0x0000000089100000| PB 0x0000000089100000| Complete |  0
| 146|0x0000000089200000, 0x0000000089300000, 0x0000000089300000|100%| E|CS|TAMS 0x0000000089200000| PB 0x0000000089200000| Complete |  0
| 147|0x0000000089300000, 0x0000000089400000, 0x0000000089400000|100%| E|CS|TAMS 0x0000000089300000| PB 0x0000000089300000| Complete |  0
| 148|0x0000000089400000, 0x0000000089500000, 0x0000000089500000|100%| E|CS|TAMS 0x0000000089400000| PB 0x0000000089400000| Complete |  0
| 149|0x0000000089500000, 0x0000000089600000, 0x0000000089600000|100%| E|CS|TAMS 0x0000000089500000| PB 0x0000000089500000| Complete |  0
| 150|0x0000000089600000, 0x0000000089700000, 0x0000000089700000|100%| E|CS|TAMS 0x0000000089600000| PB 0x0000000089600000| Complete |  0
| 151|0x0000000089700000, 0x0000000089800000, 0x0000000089800000|100%| E|CS|TAMS 0x0000000089700000| PB 0x0000000089700000| Complete |  0
| 152|0x0000000089800000, 0x0000000089900000, 0x0000000089900000|100%| E|CS|TAMS 0x0000000089800000| PB 0x0000000089800000| Complete |  0
| 153|0x0000000089900000, 0x0000000089a00000, 0x0000000089a00000|100%| E|CS|TAMS 0x0000000089900000| PB 0x0000000089900000| Complete |  0
| 154|0x0000000089a00000, 0x0000000089b00000, 0x0000000089b00000|100%| E|CS|TAMS 0x0000000089a00000| PB 0x0000000089a00000| Complete |  0
| 155|0x0000000089b00000, 0x0000000089c00000, 0x0000000089c00000|100%| E|CS|TAMS 0x0000000089b00000| PB 0x0000000089b00000| Complete |  0
| 156|0x0000000089c00000, 0x0000000089d00000, 0x0000000089d00000|100%| E|CS|TAMS 0x0000000089c00000| PB 0x0000000089c00000| Complete |  0
| 157|0x0000000089d00000, 0x0000000089e00000, 0x0000000089e00000|100%| E|CS|TAMS 0x0000000089d00000| PB 0x0000000089d00000| Complete |  0
| 158|0x0000000089e00000, 0x0000000089f00000, 0x0000000089f00000|100%| E|CS|TAMS 0x0000000089e00000| PB 0x0000000089e00000| Complete |  0
| 159|0x0000000089f00000, 0x000000008a000000, 0x000000008a000000|100%| E|CS|TAMS 0x0000000089f00000| PB 0x0000000089f00000| Complete |  0
| 160|0x000000008a000000, 0x000000008a100000, 0x000000008a100000|100%| E|CS|TAMS 0x000000008a000000| PB 0x000000008a000000| Complete |  0
| 161|0x000000008a100000, 0x000000008a200000, 0x000000008a200000|100%| E|CS|TAMS 0x000000008a100000| PB 0x000000008a100000| Complete |  0
| 162|0x000000008a200000, 0x000000008a300000, 0x000000008a300000|100%| E|CS|TAMS 0x000000008a200000| PB 0x000000008a200000| Complete |  0
| 163|0x000000008a300000, 0x000000008a400000, 0x000000008a400000|100%| E|CS|TAMS 0x000000008a300000| PB 0x000000008a300000| Complete |  0
| 164|0x000000008a400000, 0x000000008a500000, 0x000000008a500000|100%| E|CS|TAMS 0x000000008a400000| PB 0x000000008a400000| Complete |  0
| 165|0x000000008a500000, 0x000000008a600000, 0x000000008a600000|100%| E|CS|TAMS 0x000000008a500000| PB 0x000000008a500000| Complete |  0
| 166|0x000000008a600000, 0x000000008a700000, 0x000000008a700000|100%| E|CS|TAMS 0x000000008a600000| PB 0x000000008a600000| Complete |  0
| 167|0x000000008a700000, 0x000000008a800000, 0x000000008a800000|100%| E|CS|TAMS 0x000000008a700000| PB 0x000000008a700000| Complete |  0
| 168|0x000000008a800000, 0x000000008a900000, 0x000000008a900000|100%| E|CS|TAMS 0x000000008a800000| PB 0x000000008a800000| Complete |  0
| 169|0x000000008a900000, 0x000000008aa00000, 0x000000008aa00000|100%| E|CS|TAMS 0x000000008a900000| PB 0x000000008a900000| Complete |  0
| 170|0x000000008aa00000, 0x000000008ab00000, 0x000000008ab00000|100%| E|CS|TAMS 0x000000008aa00000| PB 0x000000008aa00000| Complete |  0
| 171|0x000000008ab00000, 0x000000008ac00000, 0x000000008ac00000|100%| E|CS|TAMS 0x000000008ab00000| PB 0x000000008ab00000| Complete |  0
| 172|0x000000008ac00000, 0x000000008ad00000, 0x000000008ad00000|100%| E|CS|TAMS 0x000000008ac00000| PB 0x000000008ac00000| Complete |  0
| 173|0x000000008ad00000, 0x000000008ae00000, 0x000000008ae00000|100%| E|CS|TAMS 0x000000008ad00000| PB 0x000000008ad00000| Complete |  0
| 174|0x000000008ae00000, 0x000000008af00000, 0x000000008af00000|100%| E|CS|TAMS 0x000000008ae00000| PB 0x000000008ae00000| Complete |  0
| 175|0x000000008af00000, 0x000000008b000000, 0x000000008b000000|100%| E|CS|TAMS 0x000000008af00000| PB 0x000000008af00000| Complete |  0
| 176|0x000000008b000000, 0x000000008b100000, 0x000000008b100000|100%| E|CS|TAMS 0x000000008b000000| PB 0x000000008b000000| Complete |  0
| 177|0x000000008b100000, 0x000000008b200000, 0x000000008b200000|100%| E|CS|TAMS 0x000000008b100000| PB 0x000000008b100000| Complete |  0
| 178|0x000000008b200000, 0x000000008b300000, 0x000000008b300000|100%| E|CS|TAMS 0x000000008b200000| PB 0x000000008b200000| Complete |  0
| 179|0x000000008b300000, 0x000000008b400000, 0x000000008b400000|100%| E|CS|TAMS 0x000000008b300000| PB 0x000000008b300000| Complete |  0
| 180|0x000000008b400000, 0x000000008b500000, 0x000000008b500000|100%| E|CS|TAMS 0x000000008b400000| PB 0x000000008b400000| Complete |  0
| 181|0x000000008b500000, 0x000000008b600000, 0x000000008b600000|100%| E|CS|TAMS 0x000000008b500000| PB 0x000000008b500000| Complete |  0
| 182|0x000000008b600000, 0x000000008b700000, 0x000000008b700000|100%| E|CS|TAMS 0x000000008b600000| PB 0x000000008b600000| Complete |  0
| 183|0x000000008b700000, 0x000000008b800000, 0x000000008b800000|100%| E|CS|TAMS 0x000000008b700000| PB 0x000000008b700000| Complete |  0
| 184|0x000000008b800000, 0x000000008b900000, 0x000000008b900000|100%| E|CS|TAMS 0x000000008b800000| PB 0x000000008b800000| Complete |  0
| 185|0x000000008b900000, 0x000000008ba00000, 0x000000008ba00000|100%| E|CS|TAMS 0x000000008b900000| PB 0x000000008b900000| Complete |  0
| 186|0x000000008ba00000, 0x000000008bb00000, 0x000000008bb00000|100%| E|CS|TAMS 0x000000008ba00000| PB 0x000000008ba00000| Complete |  0
| 187|0x000000008bb00000, 0x000000008bc00000, 0x000000008bc00000|100%| E|CS|TAMS 0x000000008bb00000| PB 0x000000008bb00000| Complete |  0
| 188|0x000000008bc00000, 0x000000008bd00000, 0x000000008bd00000|100%| E|CS|TAMS 0x000000008bc00000| PB 0x000000008bc00000| Complete |  0
| 189|0x000000008bd00000, 0x000000008be00000, 0x000000008be00000|100%| E|CS|TAMS 0x000000008bd00000| PB 0x000000008bd00000| Complete |  0
| 190|0x000000008be00000, 0x000000008bf00000, 0x000000008bf00000|100%| E|CS|TAMS 0x000000008be00000| PB 0x000000008be00000| Complete |  0
| 191|0x000000008bf00000, 0x000000008c000000, 0x000000008c000000|100%| E|CS|TAMS 0x000000008bf00000| PB 0x000000008bf00000| Complete |  0
| 192|0x000000008c000000, 0x000000008c100000, 0x000000008c100000|100%| E|CS|TAMS 0x000000008c000000| PB 0x000000008c000000| Complete |  0
| 193|0x000000008c100000, 0x000000008c200000, 0x000000008c200000|100%| E|CS|TAMS 0x000000008c100000| PB 0x000000008c100000| Complete |  0
| 194|0x000000008c200000, 0x000000008c300000, 0x000000008c300000|100%| E|CS|TAMS 0x000000008c200000| PB 0x000000008c200000| Complete |  0
| 195|0x000000008c300000, 0x000000008c400000, 0x000000008c400000|100%| E|CS|TAMS 0x000000008c300000| PB 0x000000008c300000| Complete |  0
| 196|0x000000008c400000, 0x000000008c500000, 0x000000008c500000|100%| E|CS|TAMS 0x000000008c400000| PB 0x000000008c400000| Complete |  0
| 197|0x000000008c500000, 0x000000008c600000, 0x000000008c600000|100%| E|CS|TAMS 0x000000008c500000| PB 0x000000008c500000| Complete |  0
| 198|0x000000008c600000, 0x000000008c700000, 0x000000008c700000|100%| E|CS|TAMS 0x000000008c600000| PB 0x000000008c600000| Complete |  0
| 199|0x000000008c700000, 0x000000008c800000, 0x000000008c800000|100%| E|CS|TAMS 0x000000008c700000| PB 0x000000008c700000| Complete |  0
| 200|0x000000008c800000, 0x000000008c900000, 0x000000008c900000|100%| E|CS|TAMS 0x000000008c800000| PB 0x000000008c800000| Complete |  0
|2044|0x00000000ffc00000, 0x00000000ffd00000, 0x00000000ffd00000|100%| O|  |TAMS 0x00000000ffc00000| PB 0x00000000ffc00000| Untracked |  0
|2045|0x00000000ffd00000, 0x00000000ffe00000, 0x00000000ffe00000|100%| E|CS|TAMS 0x00000000ffd00000| PB 0x00000000ffd00000| Complete |  0
|2046|0x00000000ffe00000, 0x00000000fff00000, 0x00000000fff00000|100%| O|  |TAMS 0x00000000ffe00000| PB 0x00000000ffe00000| Untracked |  0
|2047|0x00000000fff00000, 0x0000000100000000, 0x0000000100000000|100%| O|  |TAMS 0x00000000fff00000| PB 0x00000000fff00000| Untracked |  0

Card table byte_map: [0x0000026b7c9c0000,0x0000026b7cdc0000] _byte_map_base: 0x0000026b7c5c0000

Marking Bits: (CMBitMap*) 0x0000026b73f947d0
 Bits: [0x0000026b7cdc0000, 0x0000026b7edc0000)

Polling page: 0x0000026b71ef0000

Metaspace:

Usage:
  Non-class:     71.23 MB used.
      Class:     11.62 MB used.
       Both:     82.85 MB used.

Virtual space:
  Non-class space:      128.00 MB reserved,      73.25 MB ( 57%) committed,  2 nodes.
      Class space:        1.00 GB reserved,      13.19 MB (  1%) committed,  1 nodes.
             Both:        1.12 GB reserved,      86.44 MB (  8%) committed. 

Chunk freelists:
   Non-Class:  7.68 MB
       Class:  3.77 MB
        Both:  11.45 MB

MaxMetaspaceSize: unlimited
CompressedClassSpaceSize: 1.00 GB
Initial GC threshold: 21.00 MB
Current GC threshold: 143.75 MB
CDS: on
 - commit_granule_bytes: 65536.
 - commit_granule_words: 8192.
 - virtual_space_node_default_size: 8388608.
 - enlarge_chunks_in_place: 1.
 - use_allocation_guard: 0.


Internal statistics:

num_allocs_failed_limit: 9.
num_arena_births: 4798.
num_arena_deaths: 3102.
num_vsnodes_births: 3.
num_vsnodes_deaths: 0.
num_space_committed: 1383.
num_space_uncommitted: 0.
num_chunks_returned_to_freelist: 3628.
num_chunks_taken_from_freelist: 9116.
num_chunk_merges: 1188.
num_chunk_splits: 5326.
num_chunks_enlarged: 3159.
num_inconsistent_stats: 0.

CodeHeap 'non-profiled nmethods': size=120000Kb used=9812Kb max_used=9812Kb free=110187Kb
 bounds [0x0000026b07ad0000, 0x0000026b08480000, 0x0000026b0f000000]
CodeHeap 'profiled nmethods': size=120000Kb used=17284Kb max_used=22620Kb free=102715Kb
 bounds [0x0000026b00000000, 0x0000026b01620000, 0x0000026b07530000]
CodeHeap 'non-nmethods': size=5760Kb used=2904Kb max_used=3017Kb free=2855Kb
 bounds [0x0000026b07530000, 0x0000026b07830000, 0x0000026b07ad0000]
 total_blobs=10514 nmethods=9520 adapters=897
 compilation: enabled
              stopped_count=0, restarted_count=0
 full_count=0

Compilation events (20 events):
Event: 17708.807 Thread 0x0000026b7f7f1820 nmethod 19434 0x0000026b07c26990 code [0x0000026b07c26b20, 0x0000026b07c26be8]
Event: 17708.824 Thread 0x0000026b7f7f1820 19435       3       org.gradle.api.internal.attributes.FreezableAttributeContainer::<init> (15 bytes)
Event: 17708.825 Thread 0x0000026b7f7f1820 nmethod 19435 0x0000026b012b9610 code [0x0000026b012b97c0, 0x0000026b012b99e0]
Event: 17708.827 Thread 0x0000026b7f7f1820 19436       3       org.gradle.internal.ImmutableActionSet::fromActions (63 bytes)
Event: 17708.829 Thread 0x0000026b7f7f1820 nmethod 19436 0x0000026b005f5610 code [0x0000026b005f58e0, 0x0000026b005f6a00]
Event: 17708.829 Thread 0x0000026b7f7f1820 19437       3       org.gradle.api.internal.tasks.DefaultTaskContainer_Decorated::getEventRegister (39 bytes)
Event: 17708.829 Thread 0x0000026b7f7f1820 nmethod 19437 0x0000026b002e1990 code [0x0000026b002e1b60, 0x0000026b002e1ec8]
Event: 17708.829 Thread 0x0000026b7f7f1820 19438       3       org.gradle.internal.ImmutableActionSet::<init> (5 bytes)
Event: 17708.829 Thread 0x0000026b7f7f1820 nmethod 19438 0x0000026b002e1590 code [0x0000026b002e1720, 0x0000026b002e1888]
Event: 17708.833 Thread 0x0000026b7f7f1820 19439   !   3       org.gradle.api.internal.DefaultNamedDomainObjectCollection::applyRules (109 bytes)
Event: 17708.834 Thread 0x0000026b7f7f1820 nmethod 19439 0x0000026b005f4510 code [0x0000026b005f4780, 0x0000026b005f5248]
Event: 17708.834 Thread 0x0000026b7f7f1820 19440       3       org.gradle.api.internal.tasks.DefaultTaskDependencyFactory::visitingDependencies (16 bytes)
Event: 17708.835 Thread 0x0000026b7f7f1820 nmethod 19440 0x0000026b005f3a90 code [0x0000026b005f3c80, 0x0000026b005f42a0]
Event: 17708.835 Thread 0x0000026b7f7f1820 19441       3       org.gradle.api.internal.tasks.DefaultTaskDependency$VisitBehavior::<init> (10 bytes)
Event: 17708.836 Thread 0x0000026b7f7f1820 nmethod 19441 0x0000026b002e1010 code [0x0000026b002e11a0, 0x0000026b002e1358]
Event: 17708.836 Thread 0x0000026b7f7f1820 19442       3       org.gradle.api.internal.project.DefaultProject::getConvention (8 bytes)
Event: 17708.836 Thread 0x0000026b7f7f1820 nmethod 19442 0x0000026b005f3410 code [0x0000026b005f35a0, 0x0000026b005f3750]
Event: 17708.843 Thread 0x0000026b7f7f1820 19443       3       org.gradle.api.internal.DefaultDomainObjectSet_Decorated$$Lambda/0x0000026b126eb158::run (8 bytes)
Event: 17708.845 Thread 0x0000026b7f7f1820 nmethod 19443 0x0000026b007a7910 code [0x0000026b007a7b20, 0x0000026b007a82d0]
Event: 17708.845 Thread 0x0000026b7f7f1820 19444       3       org.gradle.api.internal.DefaultDomainObjectSet_Decorated::$gradleInitWork (19 bytes)

GC Heap History (20 events):
Event: 3546.993 GC heap before
{Heap before GC invocations=42 (full 0):
 garbage-first heap   total reserved 2097152K, committed 194560K, used 144576K [0x0000000080000000, 0x0000000100000000)
  region size 1024K, 35 young (35840K), 9 survivors (9216K)
 Metaspace       used 85697K, committed 88064K, reserved 1179648K
  class space    used 12348K, committed 13504K, reserved 1048576K
}
Event: 3547.008 GC heap after
{Heap after GC invocations=43 (full 0):
 garbage-first heap   total reserved 2097152K, committed 194560K, used 125346K [0x0000000080000000, 0x0000000100000000)
  region size 1024K, 5 young (5120K), 5 survivors (5120K)
 Metaspace       used 85697K, committed 88064K, reserved 1179648K
  class space    used 12348K, committed 13504K, reserved 1048576K
}
Event: 3549.025 GC heap before
{Heap before GC invocations=44 (full 0):
 garbage-first heap   total reserved 2097152K, committed 209920K, used 171426K [0x0000000080000000, 0x0000000100000000)
  region size 1024K, 50 young (51200K), 5 survivors (5120K)
 Metaspace       used 83574K, committed 88192K, reserved 1179648K
  class space    used 11776K, committed 13504K, reserved 1048576K
}
Event: 3549.033 GC heap after
{Heap after GC invocations=45 (full 0):
 garbage-first heap   total reserved 2097152K, committed 209920K, used 130613K [0x0000000080000000, 0x0000000100000000)
  region size 1024K, 5 young (5120K), 5 survivors (5120K)
 Metaspace       used 83574K, committed 88192K, reserved 1179648K
  class space    used 11776K, committed 13504K, reserved 1048576K
}
Event: 3552.724 GC heap before
{Heap before GC invocations=45 (full 0):
 garbage-first heap   total reserved 2097152K, committed 209920K, used 183861K [0x0000000080000000, 0x0000000100000000)
  region size 1024K, 58 young (59392K), 5 survivors (5120K)
 Metaspace       used 83755K, committed 88192K, reserved 1179648K
  class space    used 11813K, committed 13504K, reserved 1048576K
}
Event: 3552.736 GC heap after
{Heap after GC invocations=46 (full 0):
 garbage-first heap   total reserved 2097152K, committed 209920K, used 115721K [0x0000000080000000, 0x0000000100000000)
  region size 1024K, 1 young (1024K), 1 survivors (1024K)
 Metaspace       used 83755K, committed 88192K, reserved 1179648K
  class space    used 11813K, committed 13504K, reserved 1048576K
}
Event: 3559.686 GC heap before
{Heap before GC invocations=46 (full 0):
 garbage-first heap   total reserved 2097152K, committed 209920K, used 185353K [0x0000000080000000, 0x0000000100000000)
  region size 1024K, 67 young (68608K), 1 survivors (1024K)
 Metaspace       used 83937K, committed 88192K, reserved 1179648K
  class space    used 11841K, committed 13504K, reserved 1048576K
}
Event: 3559.708 GC heap after
{Heap after GC invocations=47 (full 0):
 garbage-first heap   total reserved 2097152K, committed 209920K, used 109524K [0x0000000080000000, 0x0000000100000000)
  region size 1024K, 4 young (4096K), 4 survivors (4096K)
 Metaspace       used 83937K, committed 88192K, reserved 1179648K
  class space    used 11841K, committed 13504K, reserved 1048576K
}
Event: 5523.515 GC heap before
{Heap before GC invocations=47 (full 0):
 garbage-first heap   total reserved 2097152K, committed 209920K, used 182228K [0x0000000080000000, 0x0000000100000000)
  region size 1024K, 76 young (77824K), 4 survivors (4096K)
 Metaspace       used 84499K, committed 88320K, reserved 1179648K
  class space    used 11899K, committed 13504K, reserved 1048576K
}
Event: 5523.630 GC heap after
{Heap after GC invocations=48 (full 0):
 garbage-first heap   total reserved 2097152K, committed 209920K, used 111647K [0x0000000080000000, 0x0000000100000000)
  region size 1024K, 6 young (6144K), 6 survivors (6144K)
 Metaspace       used 84499K, committed 88320K, reserved 1179648K
  class space    used 11899K, committed 13504K, reserved 1048576K
}
Event: 6564.942 GC heap before
{Heap before GC invocations=49 (full 0):
 garbage-first heap   total reserved 2097152K, committed 209920K, used 184351K [0x0000000080000000, 0x0000000100000000)
  region size 1024K, 79 young (80896K), 6 survivors (6144K)
 Metaspace       used 84773K, committed 88384K, reserved 1179648K
  class space    used 11964K, committed 13504K, reserved 1048576K
}
Event: 6564.992 GC heap after
{Heap after GC invocations=50 (full 0):
 garbage-first heap   total reserved 2097152K, committed 209920K, used 123006K [0x0000000080000000, 0x0000000100000000)
  region size 1024K, 10 young (10240K), 10 survivors (10240K)
 Metaspace       used 84773K, committed 88384K, reserved 1179648K
  class space    used 11964K, committed 13504K, reserved 1048576K
}
Event: 7238.883 GC heap before
{Heap before GC invocations=50 (full 0):
 garbage-first heap   total reserved 2097152K, committed 209920K, used 182398K [0x0000000080000000, 0x0000000100000000)
  region size 1024K, 69 young (70656K), 10 survivors (10240K)
 Metaspace       used 84888K, committed 88448K, reserved 1179648K
  class space    used 11970K, committed 13504K, reserved 1048576K
}
Event: 7239.046 GC heap after
{Heap after GC invocations=51 (full 0):
 garbage-first heap   total reserved 2097152K, committed 209920K, used 116284K [0x0000000080000000, 0x0000000100000000)
  region size 1024K, 6 young (6144K), 6 survivors (6144K)
 Metaspace       used 84888K, committed 88448K, reserved 1179648K
  class space    used 11970K, committed 13504K, reserved 1048576K
}
Event: 8135.428 GC heap before
{Heap before GC invocations=51 (full 0):
 garbage-first heap   total reserved 2097152K, committed 209920K, used 184892K [0x0000000080000000, 0x0000000100000000)
  region size 1024K, 73 young (74752K), 6 survivors (6144K)
 Metaspace       used 84941K, committed 88448K, reserved 1179648K
  class space    used 11972K, committed 13504K, reserved 1048576K
}
Event: 8135.568 GC heap after
{Heap after GC invocations=52 (full 0):
 garbage-first heap   total reserved 2097152K, committed 209920K, used 112386K [0x0000000080000000, 0x0000000100000000)
  region size 1024K, 2 young (2048K), 2 survivors (2048K)
 Metaspace       used 84941K, committed 88448K, reserved 1179648K
  class space    used 11972K, committed 13504K, reserved 1048576K
}
Event: 12417.110 GC heap before
{Heap before GC invocations=53 (full 0):
 garbage-first heap   total reserved 2097152K, committed 209920K, used 179970K [0x0000000080000000, 0x0000000100000000)
  region size 1024K, 76 young (77824K), 2 survivors (2048K)
 Metaspace       used 84347K, committed 88448K, reserved 1179648K
  class space    used 11826K, committed 13504K, reserved 1048576K
}
Event: 12417.303 GC heap after
{Heap after GC invocations=54 (full 0):
 garbage-first heap   total reserved 2097152K, committed 209920K, used 103862K [0x0000000080000000, 0x0000000100000000)
  region size 1024K, 2 young (2048K), 2 survivors (2048K)
 Metaspace       used 84347K, committed 88448K, reserved 1179648K
  class space    used 11826K, committed 13504K, reserved 1048576K
}
Event: 17147.078 GC heap before
{Heap before GC invocations=54 (full 0):
 garbage-first heap   total reserved 2097152K, committed 209920K, used 191926K [0x0000000080000000, 0x0000000100000000)
  region size 1024K, 88 young (90112K), 2 survivors (2048K)
 Metaspace       used 84349K, committed 88448K, reserved 1179648K
  class space    used 11826K, committed 13504K, reserved 1048576K
}
Event: 17147.232 GC heap after
{Heap after GC invocations=55 (full 0):
 garbage-first heap   total reserved 2097152K, committed 209920K, used 100946K [0x0000000080000000, 0x0000000100000000)
  region size 1024K, 2 young (2048K), 2 survivors (2048K)
 Metaspace       used 84349K, committed 88448K, reserved 1179648K
  class space    used 11826K, committed 13504K, reserved 1048576K
}

Dll operation events (15 events):
Event: 0.038 Loaded shared library D:\ldjkflsdjflsdjfowkfw\bin\java.dll
Event: 0.108 Loaded shared library D:\ldjkflsdjflsdjfowkfw\bin\jsvml.dll
Event: 0.198 Loaded shared library D:\ldjkflsdjflsdjfowkfw\bin\zip.dll
Event: 0.208 Loaded shared library D:\ldjkflsdjflsdjfowkfw\bin\instrument.dll
Event: 0.216 Loaded shared library D:\ldjkflsdjflsdjfowkfw\bin\net.dll
Event: 0.220 Loaded shared library D:\ldjkflsdjflsdjfowkfw\bin\nio.dll
Event: 0.224 Loaded shared library D:\ldjkflsdjflsdjfowkfw\bin\zip.dll
Event: 0.591 Loaded shared library D:\ldjkflsdjflsdjfowkfw\bin\jimage.dll
Event: 0.804 Loaded shared library D:\ldjkflsdjflsdjfowkfw\bin\verify.dll
Event: 0.988 Loaded shared library C:\Users\User\.gradle\native\c067742578af261105cb4f569cf0c3c89f3d7b1fecec35dd04571415982c5e48\windows-amd64\native-platform.dll
Event: 1.012 Loaded shared library C:\Users\User\.gradle\native\100fb08df4bc3b14c8652ba06237920a3bd2aa13389f12d3474272988ae205f9\windows-amd64\native-platform-file-events.dll
Event: 2.452 Loaded shared library D:\ldjkflsdjflsdjfowkfw\bin\management.dll
Event: 2.457 Loaded shared library D:\ldjkflsdjflsdjfowkfw\bin\management_ext.dll
Event: 2.733 Loaded shared library D:\ldjkflsdjflsdjfowkfw\bin\extnet.dll
Event: 2.903 Loaded shared library D:\ldjkflsdjflsdjfowkfw\bin\sunmscapi.dll

Deoptimization events (20 events):
Event: 17708.373 Thread 0x0000026b5628b6b0 DEOPT PACKING pc=0x0000026b07dc6c8c sp=0x000000fe4dff8050
Event: 17708.386 Thread 0x0000026b5628b6b0 DEOPT UNPACKING pc=0x0000026b075846a2 sp=0x000000fe4dff8020 mode 2
Event: 17708.478 Thread 0x0000026b5628b6b0 DEOPT PACKING pc=0x0000026b0141d6ca sp=0x000000fe4dff7560
Event: 17708.478 Thread 0x0000026b5628b6b0 DEOPT UNPACKING pc=0x0000026b07584e42 sp=0x000000fe4dff6a70 mode 0
Event: 17708.735 Thread 0x0000026b5628b6b0 Uncommon trap: trap_request=0xffffffd6 fr.pc=0x0000026b07c2bbd0 relative=0x00000000000003f0
Event: 17708.735 Thread 0x0000026b5628b6b0 Uncommon trap: reason=array_check action=maybe_recompile pc=0x0000026b07c2bbd0 method=java.util.AbstractCollection.toArray([Ljava/lang/Object;)[Ljava/lang/Object; @ 116 c2
Event: 17708.735 Thread 0x0000026b5628b6b0 DEOPT PACKING pc=0x0000026b07c2bbd0 sp=0x000000fe4dff6ba0
Event: 17708.735 Thread 0x0000026b5628b6b0 DEOPT UNPACKING pc=0x0000026b075846a2 sp=0x000000fe4dff6b40 mode 2
Event: 17708.735 Thread 0x0000026b5628b6b0 Uncommon trap: trap_request=0xffffffd6 fr.pc=0x0000026b07c2bbd0 relative=0x00000000000003f0
Event: 17708.735 Thread 0x0000026b5628b6b0 Uncommon trap: reason=array_check action=maybe_recompile pc=0x0000026b07c2bbd0 method=java.util.AbstractCollection.toArray([Ljava/lang/Object;)[Ljava/lang/Object; @ 116 c2
Event: 17708.735 Thread 0x0000026b5628b6b0 DEOPT PACKING pc=0x0000026b07c2bbd0 sp=0x000000fe4dff6ba0
Event: 17708.735 Thread 0x0000026b5628b6b0 DEOPT UNPACKING pc=0x0000026b075846a2 sp=0x000000fe4dff6b40 mode 2
Event: 17708.824 Thread 0x0000026b5628b6b0 Uncommon trap: trap_request=0xffffffd6 fr.pc=0x0000026b07c2bbd0 relative=0x00000000000003f0
Event: 17708.824 Thread 0x0000026b5628b6b0 Uncommon trap: reason=array_check action=maybe_recompile pc=0x0000026b07c2bbd0 method=java.util.AbstractCollection.toArray([Ljava/lang/Object;)[Ljava/lang/Object; @ 116 c2
Event: 17708.824 Thread 0x0000026b5628b6b0 DEOPT PACKING pc=0x0000026b07c2bbd0 sp=0x000000fe4dff7250
Event: 17708.824 Thread 0x0000026b5628b6b0 DEOPT UNPACKING pc=0x0000026b075846a2 sp=0x000000fe4dff71f0 mode 2
Event: 17708.824 Thread 0x0000026b5628b6b0 Uncommon trap: trap_request=0xffffffd6 fr.pc=0x0000026b07c2bbd0 relative=0x00000000000003f0
Event: 17708.824 Thread 0x0000026b5628b6b0 Uncommon trap: reason=array_check action=maybe_recompile pc=0x0000026b07c2bbd0 method=java.util.AbstractCollection.toArray([Ljava/lang/Object;)[Ljava/lang/Object; @ 116 c2
Event: 17708.824 Thread 0x0000026b5628b6b0 DEOPT PACKING pc=0x0000026b07c2bbd0 sp=0x000000fe4dff7250
Event: 17708.824 Thread 0x0000026b5628b6b0 DEOPT UNPACKING pc=0x0000026b075846a2 sp=0x000000fe4dff71f0 mode 2

Classes loaded (20 events):
Event: 3559.920 Loading class sun/nio/cs/US_ASCII$Encoder
Event: 3559.921 Loading class sun/nio/cs/US_ASCII$Encoder done
Event: 3559.925 Loading class java/nio/file/attribute/FileTime$1
Event: 3559.926 Loading class java/nio/file/attribute/FileTime$1 done
Event: 3559.934 Loading class java/net/URLEncoder
Event: 3559.935 Loading class java/net/URLEncoder done
Event: 3559.935 Loading class jdk/internal/util/ImmutableBitSetPredicate
Event: 3559.936 Loading class jdk/internal/util/ImmutableBitSetPredicate done
Event: 3559.936 Loading class jdk/internal/util/ImmutableBitSetPredicate$SmallImmutableBitSetPredicate
Event: 3559.938 Loading class jdk/internal/util/ImmutableBitSetPredicate$SmallImmutableBitSetPredicate done
Event: 3560.309 Loading class java/util/CollectionsBeanInfo
Event: 3560.309 Loading class java/util/CollectionsBeanInfo done
Event: 3560.309 Loading class java/util/CollectionsBeanInfo
Event: 3560.309 Loading class java/util/CollectionsBeanInfo done
Event: 3560.310 Loading class java/util/CollectionsCustomizer
Event: 3560.310 Loading class java/util/CollectionsCustomizer done
Event: 3560.311 Loading class java/util/CollectionsCustomizer
Event: 3560.311 Loading class java/util/CollectionsCustomizer done
Event: 6782.574 Loading class sun/net/ConnectionResetException
Event: 6782.589 Loading class sun/net/ConnectionResetException done

Classes unloaded (20 events):
Event: 8136.175 Thread 0x0000026b7f7c82d0 Unloading class 0x0000026b12370400 'java/lang/invoke/LambdaForm$MH+0x0000026b12370400'
Event: 8136.175 Thread 0x0000026b7f7c82d0 Unloading class 0x0000026b12370000 'java/lang/invoke/LambdaForm$MH+0x0000026b12370000'
Event: 8136.175 Thread 0x0000026b7f7c82d0 Unloading class 0x0000026b12366000 'java/lang/invoke/LambdaForm$MH+0x0000026b12366000'
Event: 8136.175 Thread 0x0000026b7f7c82d0 Unloading class 0x0000026b12365c00 'java/lang/invoke/LambdaForm$MH+0x0000026b12365c00'
Event: 8136.175 Thread 0x0000026b7f7c82d0 Unloading class 0x0000026b12364800 'java/lang/invoke/LambdaForm$MH+0x0000026b12364800'
Event: 8136.176 Thread 0x0000026b7f7c82d0 Unloading class 0x0000026b12359800 'java/lang/invoke/LambdaForm$MH+0x0000026b12359800'
Event: 8136.176 Thread 0x0000026b7f7c82d0 Unloading class 0x0000026b12359400 'java/lang/invoke/LambdaForm$MH+0x0000026b12359400'
Event: 8136.176 Thread 0x0000026b7f7c82d0 Unloading class 0x0000026b122da800 'java/lang/invoke/LambdaForm$MH+0x0000026b122da800'
Event: 8136.176 Thread 0x0000026b7f7c82d0 Unloading class 0x0000026b122da400 'java/lang/invoke/LambdaForm$MH+0x0000026b122da400'
Event: 8136.176 Thread 0x0000026b7f7c82d0 Unloading class 0x0000026b122d9800 'java/lang/invoke/LambdaForm$MH+0x0000026b122d9800'
Event: 8136.176 Thread 0x0000026b7f7c82d0 Unloading class 0x0000026b122d9400 'java/lang/invoke/LambdaForm$MH+0x0000026b122d9400'
Event: 8136.177 Thread 0x0000026b7f7c82d0 Unloading class 0x0000026b122d3c00 'java/lang/invoke/LambdaForm$MH+0x0000026b122d3c00'
Event: 8136.177 Thread 0x0000026b7f7c82d0 Unloading class 0x0000026b122d3800 'java/lang/invoke/LambdaForm$MH+0x0000026b122d3800'
Event: 8136.178 Thread 0x0000026b7f7c82d0 Unloading class 0x0000026b122cd400 'java/lang/invoke/LambdaForm$MH+0x0000026b122cd400'
Event: 8136.178 Thread 0x0000026b7f7c82d0 Unloading class 0x0000026b122cd000 'java/lang/invoke/LambdaForm$MH+0x0000026b122cd000'
Event: 8136.178 Thread 0x0000026b7f7c82d0 Unloading class 0x0000026b122b5800 'java/lang/invoke/LambdaForm$MH+0x0000026b122b5800'
Event: 8136.178 Thread 0x0000026b7f7c82d0 Unloading class 0x0000026b122b5400 'java/lang/invoke/LambdaForm$MH+0x0000026b122b5400'
Event: 8136.179 Thread 0x0000026b7f7c82d0 Unloading class 0x0000026b12264800 'java/lang/invoke/LambdaForm$MH+0x0000026b12264800'
Event: 8136.179 Thread 0x0000026b7f7c82d0 Unloading class 0x0000026b12264400 'java/lang/invoke/LambdaForm$MH+0x0000026b12264400'
Event: 8136.180 Thread 0x0000026b7f7c82d0 Unloading class 0x0000026b12000400 'java/lang/invoke/LambdaForm$MH+0x0000026b12000400'

Classes redefined (0 events):
No events

Internal exceptions (20 events):
Event: 17706.612 Thread 0x0000026b5aabc530 Exception <a 'sun/nio/fs/WindowsException'{0x000000008a3b3b48}> (0x000000008a3b3b48) 
thrown [s\open\src\hotspot\share\prims\jni.cpp, line 520]
Event: 17706.613 Thread 0x0000026b5aabc530 Exception <a 'sun/nio/fs/WindowsException'{0x000000008a3b4188}> (0x000000008a3b4188) 
thrown [s\open\src\hotspot\share\prims\jni.cpp, line 520]
Event: 17706.623 Thread 0x0000026b5aabc530 Exception <a 'sun/nio/fs/WindowsException'{0x000000008a3c9df0}> (0x000000008a3c9df0) 
thrown [s\open\src\hotspot\share\prims\jni.cpp, line 520]
Event: 17706.627 Thread 0x0000026b5aabc530 Exception <a 'sun/nio/fs/WindowsException'{0x000000008a3d5df0}> (0x000000008a3d5df0) 
thrown [s\open\src\hotspot\share\prims\jni.cpp, line 520]
Event: 17706.630 Thread 0x0000026b5aabc530 Exception <a 'sun/nio/fs/WindowsException'{0x000000008a3db350}> (0x000000008a3db350) 
thrown [s\open\src\hotspot\share\prims\jni.cpp, line 520]
Event: 17706.635 Thread 0x0000026b5aabc530 Exception <a 'sun/nio/fs/WindowsException'{0x000000008a3ed170}> (0x000000008a3ed170) 
thrown [s\open\src\hotspot\share\prims\jni.cpp, line 520]
Event: 17706.646 Thread 0x0000026b5aabc530 Exception <a 'sun/nio/fs/WindowsException'{0x000000008a203e88}> (0x000000008a203e88) 
thrown [s\open\src\hotspot\share\prims\jni.cpp, line 520]
Event: 17706.651 Thread 0x0000026b5aabc530 Exception <a 'sun/nio/fs/WindowsException'{0x000000008a20fce0}> (0x000000008a20fce0) 
thrown [s\open\src\hotspot\share\prims\jni.cpp, line 520]
Event: 17706.677 Thread 0x0000026b5628b6b0 Exception <a 'java/lang/ClassNotFoundException'{0x000000008a260768}: ijArtifactDownloader19_384gbfrpswwk9fmcts03o8wq1BeanInfo> (0x000000008a260768) 
thrown [s\open\src\hotspot\share\classfile\systemDictionary.cpp, line 313]
Event: 17706.692 Thread 0x0000026b5628b6b0 Exception <a 'java/lang/ClassNotFoundException'{0x000000008a266538}: ijArtifactDownloader19_384gbfrpswwk9fmcts03o8wq1Customizer> (0x000000008a266538) 
thrown [s\open\src\hotspot\share\classfile\systemDictionary.cpp, line 313]
Event: 17706.741 Thread 0x0000026b5628b6b0 Exception <a 'sun/nio/fs/WindowsException'{0x000000008a2b2170}> (0x000000008a2b2170) 
thrown [s\open\src\hotspot\share\prims\jni.cpp, line 520]
Event: 17706.743 Thread 0x0000026b5628b6b0 Exception <a 'sun/nio/fs/WindowsException'{0x000000008a2b3628}> (0x000000008a2b3628) 
thrown [s\open\src\hotspot\share\prims\jni.cpp, line 520]
Event: 17706.744 Thread 0x0000026b5628b6b0 Exception <a 'sun/nio/fs/WindowsException'{0x000000008a2b4ad8}> (0x000000008a2b4ad8) 
thrown [s\open\src\hotspot\share\prims\jni.cpp, line 520]
Event: 17706.745 Thread 0x0000026b5628b6b0 Exception <a 'sun/nio/fs/WindowsException'{0x000000008a2b5f78}> (0x000000008a2b5f78) 
thrown [s\open\src\hotspot\share\prims\jni.cpp, line 520]
Event: 17706.778 Thread 0x0000026b5628b6b0 Exception <a 'java/lang/ClassNotFoundException'{0x000000008a1340c8}: settings_3gk0xn13t6k4ldkkuc4u1mfpzBeanInfo> (0x000000008a1340c8) 
thrown [s\open\src\hotspot\share\classfile\systemDictionary.cpp, line 313]
Event: 17706.781 Thread 0x0000026b5628b6b0 Exception <a 'java/lang/ClassNotFoundException'{0x000000008a13aa80}: settings_3gk0xn13t6k4ldkkuc4u1mfpzCustomizer> (0x000000008a13aa80) 
thrown [s\open\src\hotspot\share\classfile\systemDictionary.cpp, line 313]
Event: 17707.131 Thread 0x0000026b5628b6b0 Exception <a 'java/lang/NoSuchMethodError'{0x00000000897fe2b0}: 'java.lang.Object java.lang.invoke.DirectMethodHandle$Holder.invokeVirtual(java.lang.Object, java.lang.Object, java.lang.Object, int)'> (0x00000000897fe2b0) 
thrown [s\open\src\hotspot\share\interpreter\linkResolver.cpp, line 774]
Event: 17707.826 Thread 0x0000026b5628b6b0 Exception <a 'java/lang/NoSuchMethodError'{0x000000008935e7d8}: 'void java.lang.invoke.DelegatingMethodHandle$Holder.reinvoke_L(java.lang.Object, java.lang.Object, int)'> (0x000000008935e7d8) 
thrown [s\open\src\hotspot\share\interpreter\linkResolver.cpp, line 774]
Event: 17708.155 Thread 0x0000026b5628b6b0 Exception <a 'java/lang/ClassNotFoundException'{0x00000000892a8700}: build_dw2ltiiwasuzijok8o9tiuwezBeanInfo> (0x00000000892a8700) 
thrown [s\open\src\hotspot\share\classfile\systemDictionary.cpp, line 313]
Event: 17708.159 Thread 0x0000026b5628b6b0 Exception <a 'java/lang/ClassNotFoundException'{0x00000000892af338}: build_dw2ltiiwasuzijok8o9tiuwezCustomizer> (0x00000000892af338) 
thrown [s\open\src\hotspot\share\classfile\systemDictionary.cpp, line 313]

ZGC Phase Switch (0 events):
No events

VM Operations (20 events):
Event: 17147.077 Executing VM operation: G1CollectForAllocation (G1 Evacuation Pause)
Event: 17147.233 Executing VM operation: G1CollectForAllocation (G1 Evacuation Pause) done
Event: 17463.844 Executing VM operation: Cleanup
Event: 17463.845 Executing VM operation: Cleanup done
Event: 17701.986 Executing VM operation: Cleanup
Event: 17701.988 Executing VM operation: Cleanup done
Event: 17702.991 Executing VM operation: Cleanup
Event: 17703.007 Executing VM operation: Cleanup done
Event: 17704.016 Executing VM operation: Cleanup
Event: 17704.033 Executing VM operation: Cleanup done
Event: 17705.043 Executing VM operation: Cleanup
Event: 17705.044 Executing VM operation: Cleanup done
Event: 17706.046 Executing VM operation: Cleanup
Event: 17706.046 Executing VM operation: Cleanup done
Event: 17706.343 Executing VM operation: ICBufferFull
Event: 17706.345 Executing VM operation: ICBufferFull done
Event: 17707.349 Executing VM operation: Cleanup
Event: 17707.362 Executing VM operation: Cleanup done
Event: 17708.364 Executing VM operation: Cleanup
Event: 17708.364 Executing VM operation: Cleanup done

Memory protections (0 events):
No events

Nmethod flushes (20 events):
Event: 8136.754 Thread 0x0000026b7f7c82d0 flushing  nmethod 0x0000026b00d14110
Event: 8136.754 Thread 0x0000026b7f7c82d0 flushing  nmethod 0x0000026b00d5ee10
Event: 8136.754 Thread 0x0000026b7f7c82d0 flushing  nmethod 0x0000026b00d5f210
Event: 8136.754 Thread 0x0000026b7f7c82d0 flushing  nmethod 0x0000026b00d60810
Event: 8136.754 Thread 0x0000026b7f7c82d0 flushing  nmethod 0x0000026b00efdf10
Event: 8136.754 Thread 0x0000026b7f7c82d0 flushing  nmethod 0x0000026b00f06910
Event: 8136.754 Thread 0x0000026b7f7c82d0 flushing  nmethod 0x0000026b01043c10
Event: 8136.754 Thread 0x0000026b7f7c82d0 flushing  nmethod 0x0000026b01044310
Event: 8136.754 Thread 0x0000026b7f7c82d0 flushing  nmethod 0x0000026b01266810
Event: 8136.754 Thread 0x0000026b7f7c82d0 flushing  nmethod 0x0000026b01272d10
Event: 8136.754 Thread 0x0000026b7f7c82d0 flushing  nmethod 0x0000026b0127d990
Event: 8136.754 Thread 0x0000026b7f7c82d0 flushing  nmethod 0x0000026b01281910
Event: 8136.754 Thread 0x0000026b7f7c82d0 flushing  nmethod 0x0000026b012d2890
Event: 8136.755 Thread 0x0000026b7f7c82d0 flushing  nmethod 0x0000026b012d7490
Event: 8136.755 Thread 0x0000026b7f7c82d0 flushing  nmethod 0x0000026b012e0390
Event: 8136.755 Thread 0x0000026b7f7c82d0 flushing  nmethod 0x0000026b012e0a90
Event: 8136.755 Thread 0x0000026b7f7c82d0 flushing  nmethod 0x0000026b012e0e10
Event: 8136.755 Thread 0x0000026b7f7c82d0 flushing  nmethod 0x0000026b01306590
Event: 8136.755 Thread 0x0000026b7f7c82d0 flushing  nmethod 0x0000026b01334a90
Event: 8136.755 Thread 0x0000026b7f7c82d0 flushing  nmethod 0x0000026b01442f10

Events (20 events):
Event: 17708.533 Thread 0x0000026b5628b6b0 Thread added: 0x0000026b58586590
Event: 17708.533 Thread 0x0000026b5628b6b0 Thread added: 0x0000026b58587940
Event: 17708.534 Thread 0x0000026b5628b6b0 Thread added: 0x0000026b58587fd0
Event: 17708.534 Thread 0x0000026b5628b6b0 Thread added: 0x0000026b58588cf0
Event: 17708.535 Thread 0x0000026b5628b6b0 Thread added: 0x0000026b5858a0a0
Event: 17708.563 Thread 0x0000026b5628b6b0 Thread added: 0x0000026b5858a730
Event: 17708.564 Thread 0x0000026b5628b6b0 Thread added: 0x0000026b5b4a33f0
Event: 17708.565 Thread 0x0000026b5628b6b0 Thread added: 0x0000026b5b4a4e30
Event: 17708.567 Thread 0x0000026b5628b6b0 Thread added: 0x0000026b5b4a8940
Event: 17708.567 Thread 0x0000026b5628b6b0 Thread added: 0x0000026b5b4a26d0
Event: 17708.569 Thread 0x0000026b5628b6b0 Thread added: 0x0000026b5b4a7c20
Event: 17708.570 Thread 0x0000026b5628b6b0 Thread added: 0x0000026b5b4a6f00
Event: 17708.595 Thread 0x0000026b5628b6b0 Thread added: 0x0000026b5b4a7590
Event: 17708.595 Thread 0x0000026b5628b6b0 Thread added: 0x0000026b5b4a3a80
Event: 17708.596 Thread 0x0000026b5628b6b0 Thread added: 0x0000026b5b4a4110
Event: 17708.597 Thread 0x0000026b5628b6b0 Thread added: 0x0000026b5b4a82b0
Event: 17708.597 Thread 0x0000026b5628b6b0 Thread added: 0x0000026b5b4a54c0
Event: 17708.598 Thread 0x0000026b5628b6b0 Thread added: 0x0000026b5b4a5b50
Event: 17708.599 Thread 0x0000026b5628b6b0 Thread added: 0x0000026b5b4a19b0
Event: 17708.722 Thread 0x0000026b5a9a2680 Thread exited: 0x0000026b5a9a2680


Dynamic libraries:
0x00007ff74c210000 - 0x00007ff74c220000 	D:\ldjkflsdjflsdjfowkfw\bin\java.exe
0x00007fffec9f0000 - 0x00007fffecbe8000 	C:\Windows\SYSTEM32\ntdll.dll
0x00007fffeb0b0000 - 0x00007fffeb172000 	C:\Windows\System32\KERNEL32.DLL
0x00007fffea600000 - 0x00007fffea8f6000 	C:\Windows\System32\KERNELBASE.dll
0x00007fffea470000 - 0x00007fffea570000 	C:\Windows\System32\ucrtbase.dll
0x00007fffdba30000 - 0x00007fffdba4b000 	D:\ldjkflsdjflsdjfowkfw\bin\VCRUNTIME140.dll
0x00007fffdb890000 - 0x00007fffdb8a7000 	D:\ldjkflsdjflsdjfowkfw\bin\jli.dll
0x00007fffeb180000 - 0x00007fffeb31d000 	C:\Windows\System32\USER32.dll
0x00007fffd9770000 - 0x00007fffd9a0b000 	C:\Windows\WinSxS\amd64_microsoft.windows.common-controls_6595b64144ccf1df_6.0.19041.6280_none_60bc30a171f2f3f3\COMCTL32.dll
0x00007fffea3c0000 - 0x00007fffea3e2000 	C:\Windows\System32\win32u.dll
0x00007fffeb8e0000 - 0x00007fffeb97e000 	C:\Windows\System32\msvcrt.dll
0x00007fffeb8b0000 - 0x00007fffeb8db000 	C:\Windows\System32\GDI32.dll
0x00007fffea900000 - 0x00007fffeaa19000 	C:\Windows\System32\gdi32full.dll
0x00007fffea090000 - 0x00007fffea12d000 	C:\Windows\System32\msvcp_win.dll
0x00007fffeac70000 - 0x00007fffeac9f000 	C:\Windows\System32\IMM32.DLL
0x00007fffe3d70000 - 0x00007fffe3d7c000 	D:\ldjkflsdjflsdjfowkfw\bin\vcruntime140_1.dll
0x00007fffdb590000 - 0x00007fffdb61e000 	D:\ldjkflsdjflsdjfowkfw\bin\msvcp140.dll
0x00007fffa1df0000 - 0x00007fffa2b39000 	D:\ldjkflsdjflsdjfowkfw\bin\server\jvm.dll
0x00007fffec020000 - 0x00007fffec0d1000 	C:\Windows\System32\ADVAPI32.dll
0x00007fffeae50000 - 0x00007fffeaeef000 	C:\Windows\System32\sechost.dll
0x00007fffeaad0000 - 0x00007fffeabf0000 	C:\Windows\System32\RPCRT4.dll
0x00007fffea3f0000 - 0x00007fffea417000 	C:\Windows\System32\bcrypt.dll
0x00007fffeacb0000 - 0x00007fffead1b000 	C:\Windows\System32\WS2_32.dll
0x00007fffe9940000 - 0x00007fffe998b000 	C:\Windows\SYSTEM32\POWRPROF.dll
0x00007fffd92d0000 - 0x00007fffd92f7000 	C:\Windows\SYSTEM32\WINMM.dll
0x00007fffdc420000 - 0x00007fffdc42a000 	C:\Windows\SYSTEM32\VERSION.dll
0x00007fffe9920000 - 0x00007fffe9932000 	C:\Windows\SYSTEM32\UMPDC.dll
0x00007fffe8870000 - 0x00007fffe8882000 	C:\Windows\SYSTEM32\kernel.appcore.dll
0x00007fffdbfc0000 - 0x00007fffdbfca000 	D:\ldjkflsdjflsdjfowkfw\bin\jimage.dll
0x00007fffe8520000 - 0x00007fffe8721000 	C:\Windows\SYSTEM32\DBGHELP.DLL
0x00007fffc7350000 - 0x00007fffc7384000 	C:\Windows\SYSTEM32\dbgcore.DLL
0x00007fffea570000 - 0x00007fffea5f2000 	C:\Windows\System32\bcryptPrimitives.dll
0x00007fffdb880000 - 0x00007fffdb88f000 	D:\ldjkflsdjflsdjfowkfw\bin\instrument.dll
0x00007fffda5e0000 - 0x00007fffda5fe000 	D:\ldjkflsdjflsdjfowkfw\bin\java.dll
0x00007fffec100000 - 0x00007fffec870000 	C:\Windows\System32\SHELL32.dll
0x00007fffead20000 - 0x00007fffeae4b000 	C:\Windows\System32\ole32.dll
0x00007fffebb30000 - 0x00007fffebe83000 	C:\Windows\System32\combase.dll
0x00007fffe7d60000 - 0x00007fffe8505000 	C:\Windows\SYSTEM32\windows.storage.dll
0x00007fffe99e0000 - 0x00007fffe9a0b000 	C:\Windows\SYSTEM32\Wldp.dll
0x00007fffeaf00000 - 0x00007fffeafcd000 	C:\Windows\System32\OLEAUT32.dll
0x00007fffec870000 - 0x00007fffec91d000 	C:\Windows\System32\SHCORE.dll
0x00007fffeb320000 - 0x00007fffeb37b000 	C:\Windows\System32\shlwapi.dll
0x00007fffe9fc0000 - 0x00007fffe9fe4000 	C:\Windows\SYSTEM32\profapi.dll
0x00007fffc9690000 - 0x00007fffc9767000 	D:\ldjkflsdjflsdjfowkfw\bin\jsvml.dll
0x00007fffda5c0000 - 0x00007fffda5d7000 	D:\ldjkflsdjflsdjfowkfw\bin\zip.dll
0x00007fffdb870000 - 0x00007fffdb880000 	D:\ldjkflsdjflsdjfowkfw\bin\net.dll
0x00007fffe9750000 - 0x00007fffe97ba000 	C:\Windows\system32\mswsock.dll
0x00007fffda5a0000 - 0x00007fffda5b6000 	D:\ldjkflsdjflsdjfowkfw\bin\nio.dll
0x00007fffdb7d0000 - 0x00007fffdb7e0000 	D:\ldjkflsdjflsdjfowkfw\bin\verify.dll
0x00007fffdba50000 - 0x00007fffdba77000 	C:\Users\User\.gradle\native\c067742578af261105cb4f569cf0c3c89f3d7b1fecec35dd04571415982c5e48\windows-amd64\native-platform.dll
0x00007fffc94e0000 - 0x00007fffc9624000 	C:\Users\User\.gradle\native\100fb08df4bc3b14c8652ba06237920a3bd2aa13389f12d3474272988ae205f9\windows-amd64\native-platform-file-events.dll
0x00007fffdad50000 - 0x00007fffdad5a000 	D:\ldjkflsdjflsdjfowkfw\bin\management.dll
0x00007fffda590000 - 0x00007fffda59b000 	D:\ldjkflsdjflsdjfowkfw\bin\management_ext.dll
0x00007fffeaca0000 - 0x00007fffeaca8000 	C:\Windows\System32\PSAPI.DLL
0x00007fffe9d30000 - 0x00007fffe9d48000 	C:\Windows\SYSTEM32\CRYPTSP.dll
0x00007fffe9030000 - 0x00007fffe9068000 	C:\Windows\system32\rsaenh.dll
0x00007fffe9f80000 - 0x00007fffe9fae000 	C:\Windows\SYSTEM32\USERENV.dll
0x00007fffe98e0000 - 0x00007fffe98ec000 	C:\Windows\SYSTEM32\CRYPTBASE.dll
0x00007fffe93f0000 - 0x00007fffe942b000 	C:\Windows\SYSTEM32\IPHLPAPI.DLL
0x00007fffeaef0000 - 0x00007fffeaef8000 	C:\Windows\System32\NSI.dll
0x00007fffda580000 - 0x00007fffda589000 	D:\ldjkflsdjflsdjfowkfw\bin\extnet.dll
0x00007fffda570000 - 0x00007fffda57e000 	D:\ldjkflsdjflsdjfowkfw\bin\sunmscapi.dll
0x00007fffea1e0000 - 0x00007fffea33d000 	C:\Windows\System32\CRYPT32.dll
0x00007fffe9a50000 - 0x00007fffe9a77000 	C:\Windows\SYSTEM32\ncrypt.dll
0x00007fffe9a10000 - 0x00007fffe9a4b000 	C:\Windows\SYSTEM32\NTASN1.dll
0x00007fffdae60000 - 0x00007fffdae67000 	C:\Windows\system32\wshunix.dll
0x00007fffe9430000 - 0x00007fffe94fa000 	C:\Windows\SYSTEM32\DNSAPI.dll
0x00007fffd6e20000 - 0x00007fffd6e2a000 	C:\Windows\System32\rasadhlp.dll
0x00007fffe12c0000 - 0x00007fffe1340000 	C:\Windows\System32\fwpuclnt.dll
0x00007fffe9280000 - 0x00007fffe92b3000 	C:\Windows\SYSTEM32\ntmarta.dll

dbghelp: loaded successfully - version: 4.0.5 - missing functions: none
symbol engine: initialized successfully - sym options: 0x614 - pdb path: .;D:\ldjkflsdjflsdjfowkfw\bin;C:\Windows\SYSTEM32;C:\Windows\WinSxS\amd64_microsoft.windows.common-controls_6595b64144ccf1df_6.0.19041.6280_none_60bc30a171f2f3f3;D:\ldjkflsdjflsdjfowkfw\bin\server;C:\Users\User\.gradle\native\c067742578af261105cb4f569cf0c3c89f3d7b1fecec35dd04571415982c5e48\windows-amd64;C:\Users\User\.gradle\native\100fb08df4bc3b14c8652ba06237920a3bd2aa13389f12d3474272988ae205f9\windows-amd64

VM Arguments:
jvm_args: --add-opens=java.base/java.util=ALL-UNNAMED --add-opens=java.base/java.lang=ALL-UNNAMED --add-opens=java.base/java.lang.invoke=ALL-UNNAMED --add-opens=java.prefs/java.util.prefs=ALL-UNNAMED --add-exports=jdk.compiler/com.sun.tools.javac.api=ALL-UNNAMED --add-exports=jdk.compiler/com.sun.tools.javac.util=ALL-UNNAMED --add-opens=java.base/java.nio.charset=ALL-UNNAMED --add-opens=java.base/java.net=ALL-UNNAMED --add-opens=java.base/java.util.concurrent.atomic=ALL-UNNAMED -Xmx2G -Dfile.encoding=UTF-8 -Duser.country=UA -Duser.language=uk -Duser.variant -javaagent:C:\Users\User\.gradle\wrapper\dists\gradle-8.9-all\6m0mbzute7p0zdleavqlib88a\gradle-8.9\lib\agents\gradle-instrumentation-agent-8.9.jar 
java_command: org.gradle.launcher.daemon.bootstrap.GradleDaemon 8.9
java_class_path (initial): C:\Users\User\.gradle\wrapper\dists\gradle-8.9-all\6m0mbzute7p0zdleavqlib88a\gradle-8.9\lib\gradle-daemon-main-8.9.jar
Launcher Type: SUN_STANDARD

[Global flags]
     intx CICompilerCount                          = 4                                         {product} {ergonomic}
     uint ConcGCThreads                            = 2                                         {product} {ergonomic}
     uint G1ConcRefinementThreads                  = 8                                         {product} {ergonomic}
   size_t G1HeapRegionSize                         = 1048576                                   {product} {ergonomic}
   size_t InitialHeapSize                          = 130023424                                 {product} {ergonomic}
   size_t MarkStackSize                            = 4194304                                   {product} {ergonomic}
   size_t MaxHeapSize                              = 2147483648                                {product} {command line}
   size_t MaxNewSize                               = 1287651328                                {product} {ergonomic}
   size_t MinHeapDeltaBytes                        = 1048576                                   {product} {ergonomic}
   size_t MinHeapSize                              = 8388608                                   {product} {ergonomic}
    uintx NonNMethodCodeHeapSize                   = 5839372                                {pd product} {ergonomic}
    uintx NonProfiledCodeHeapSize                  = 122909434                              {pd product} {ergonomic}
    uintx ProfiledCodeHeapSize                     = 122909434                              {pd product} {ergonomic}
    uintx ReservedCodeCacheSize                    = 251658240                              {pd product} {ergonomic}
     bool SegmentedCodeCache                       = true                                      {product} {ergonomic}
   size_t SoftMaxHeapSize                          = 2147483648                             {manageable} {ergonomic}
     bool UseCompressedOops                        = true                           {product lp64_product} {ergonomic}
     bool UseG1GC                                  = true                                      {product} {ergonomic}
     bool UseLargePagesIndividualAllocation        = false                                  {pd product} {ergonomic}

Logging:
Log output configuration:
 #0: stdout all=warning uptime,level,tags foldmultilines=false
 #1: stderr all=off uptime,level,tags foldmultilines=false

Environment Variables:
PATH=D:\efefefeffefefefef\bin;C:\Program Files\Common Files\Oracle\Java\javapath;C:\Program Files (x86)\Common Files\Oracle\Java\java8path;C:\Program Files (x86)\Common Files\Oracle\Java\javapath;C:\ProgramData\Oracle\Java\javapath;C:\Windows\system32;C:\Windows;C:\Windows\System32\Wbem;C:\Windows\System32\WindowsPowerShell\v1.0\;C:\Windows\System32\OpenSSH\;C:\Program Files (x86)\Intel\Intel(R) Management Engine Components\DAL;C:\Program Files\Intel\Intel(R) Management Engine Components\DAL;C:\Program Files (x86)\AMD\ATI.ACE\Core-Static;C:\Program Files\dotnet\;C:\ProgramData\chocolatey\bin;C:\Program Files\nodejs\;D:\Git\cmd;C:\Program Files\eSpeak NG\;C:\Program Files (x86)\dotnet\;C:\Users\User\AppData\Local\Programs\Python\Launcher\;C:\Users\User\AppData\Local\Microsoft\WindowsApps;C:\Users\User\AppData\Roaming\npm;D:\IntelliJ IDEA Community Edition 2025.1.3\bin;
USERNAME=User
OS=Windows_NT
PROCESSOR_IDENTIFIER=Intel64 Family 6 Model 94 Stepping 3, GenuineIntel
TMP=C:\Users\User\AppData\Local\Temp
TEMP=C:\Users\User\AppData\Local\Temp




Periodic native trim disabled

---------------  S Y S T E M  ---------------

OS:
 Windows 10 , 64 bit Build 19041 (10.0.19041.5915)
OS uptime: 6 days 22:57 hours
Hyper-V role detected

CPU: total 8 (initial active 8) (4 cores per cpu, 2 threads per core) family 6 model 94 stepping 3 microcode 0xcc, cx8, cmov, fxsr, ht, mmx, 3dnowpref, sse, sse2, sse3, ssse3, sse4.1, sse4.2, popcnt, lzcnt, tsc, tscinvbit, avx, avx2, aes, erms, clmul, bmi1, bmi2, rtm, adx, fma, vzeroupper, clflush, clflushopt, hv, rdtscp, f16c
Processor Information for processor 0
  Max Mhz: 2701, Current Mhz: 2701, Mhz Limit: 2701
Processor Information for processor 1
  Max Mhz: 2701, Current Mhz: 2701, Mhz Limit: 2701
Processor Information for processor 2
  Max Mhz: 2701, Current Mhz: 2701, Mhz Limit: 2701
Processor Information for processor 3
  Max Mhz: 2701, Current Mhz: 1500, Mhz Limit: 2701
Processor Information for processor 4
  Max Mhz: 2701, Current Mhz: 1500, Mhz Limit: 2701
Processor Information for processor 5
  Max Mhz: 2701, Current Mhz: 2701, Mhz Limit: 2701
Processor Information for processor 6
  Max Mhz: 2701, Current Mhz: 1500, Mhz Limit: 2701
Processor Information for processor 7
  Max Mhz: 2701, Current Mhz: 2701, Mhz Limit: 2701

Memory: 4k page, system-wide physical 7860M (348M free)
TotalPageFile size 12860M (AvailPageFile size 0M)
current process WorkingSet (physical memory assigned to process): 287M, peak: 444M
current process commit charge ("private bytes"): 520M, peak: 534M

vm_info: Java HotSpot(TM) 64-Bit Server VM (22.0.2+9-70) for windows-amd64 JRE (22.0.2+9-70), built on 2024-06-04T16:52:23Z by "mach5one" with MS VC++ 17.6 (VS2022)

END.
